                :-) GROMACS - gmx mdrun, 2021.4-plumed-2.8.0 (-:

                            GROMACS is written by:
     Andrey Alekseenko              Emile Apol              Rossen Apostolov     
         Paul Bauer           Herman J.C. Berendsen           Par Bjelkmar       
       Christian Blau           Viacheslav Bolnykh             Kevin Boyd        
     Aldert van Buuren           Rudi van Drunen             Anton Feenstra      
    Gilles Gouaillardet             Alan Gray               Gerrit Groenhof      
       Anca Hamuraru            Vincent Hindriksen          M. Eric Irrgang      
      Aleksei Iupinov           Christoph Junghans             Joe Jordan        
    Dimitrios Karkoulis            Peter Kasson                Jiri Kraus        
      Carsten Kutzner              Per Larsson              Justin A. Lemkul     
       Viveca Lindahl            Magnus Lundborg             Erik Marklund       
        Pascal Merz             Pieter Meulenhoff            Teemu Murtola       
        Szilard Pall               Sander Pronk              Roland Schulz       
       Michael Shirts            Alexey Shvetsov             Alfons Sijbers      
       Peter Tieleman              Jon Vincent              Teemu Virolainen     
     Christian Wennberg            Maarten Wolf              Artem Zhmurov       
                           and the project leaders:
        Mark Abraham, Berk Hess, Erik Lindahl, and David van der Spoel

Copyright (c) 1991-2000, University of Groningen, The Netherlands.
Copyright (c) 2001-2019, The GROMACS development team at
Uppsala University, Stockholm University and
the Royal Institute of Technology, Sweden.
check out http://www.gromacs.org for more information.

GROMACS is free software; you can redistribute it and/or modify it
under the terms of the GNU Lesser General Public License
as published by the Free Software Foundation; either version 2.1
of the License, or (at your option) any later version.

GROMACS:      gmx mdrun, version 2021.4-plumed-2.8.0
Executable:   /nfs/apps/Gromacs/2021.4/gnu/8.2.0/openmpi/3.1.6/plumed/2.8.0/bin/gmx_mpi
Data prefix:  /nfs/apps/Gromacs/2021.4/gnu/8.2.0/openmpi/3.1.6/plumed/2.8.0
Working dir:  /.nfs/home/5/tiwaris/final_tutorial_PIM-1-AO-Gromacs/6_run_MD_simulation/sim_pr
Process ID:   8921
Command line:
  gmx_mpi mdrun -deffnm md

GROMACS version:    2021.4-plumed-2.8.0
Precision:          mixed
Memory model:       64 bit
MPI library:        MPI
OpenMP support:     enabled (GMX_OPENMP_MAX_THREADS = 64)
GPU support:        disabled
SIMD instructions:  AVX2_256
FFT library:        fftw-3.3.8-avx512
RDTSCP usage:       enabled
TNG support:        enabled
Hwloc support:      disabled
Tracing support:    disabled
C compiler:         /nfs/apps/Compilers/GNU/8.2.0/bin/gcc GNU 8.2.0
C compiler flags:   -mavx2 -mfma -pthread -Wno-missing-field-initializers -fexcess-precision=fast -funroll-all-loops -O3 -DNDEBUG
C++ compiler:       /nfs/apps/Compilers/GNU/8.2.0/bin/c++ GNU 8.2.0
C++ compiler flags: -mavx2 -mfma -pthread -Wno-missing-field-initializers -fexcess-precision=fast -funroll-all-loops -fopenmp -O3 -DNDEBUG


Running on 1 node with total 40 cores, 40 logical cores
Hardware detected on host n0972 (the node of MPI rank 0):
  CPU info:
    Vendor: Intel
    Brand:  Intel(R) Xeon(R) Gold 6148 CPU @ 2.40GHz
    Family: 6   Model: 85   Stepping: 4
    Features: aes apic avx avx2 avx512f avx512cd avx512bw avx512vl avx512secondFMA clfsh cmov cx8 cx16 f16c fma hle htt intel lahf mmx msr nonstop_tsc pcid pclmuldq pdcm pdpe1gb popcnt pse rdrnd rdtscp rtm sse2 sse3 sse4.1 sse4.2 ssse3 tdt x2apic
    Number of AVX-512 FMA units: 2
  Hardware topology: Basic
    Sockets, cores, and logical processors:
      Socket  0: [   0] [   1] [   2] [   3] [   4] [   5] [   6] [   7] [   8] [   9] [  10] [  11] [  12] [  13] [  14] [  15] [  16] [  17] [  18] [  19]
      Socket  1: [  20] [  21] [  22] [  23] [  24] [  25] [  26] [  27] [  28] [  29] [  30] [  31] [  32] [  33] [  34] [  35] [  36] [  37] [  38] [  39]

Highest SIMD level supported by all nodes in run: AVX_512
SIMD instructions selected at compile time:       AVX2_256
This program was compiled for different hardware than you are running on,
which could influence performance. This build might have been configured on a
login node with only a single AVX-512 FMA unit (in which case AVX2 is faster),
while the node you are running on has dual AVX-512 FMA units.

++++ PLEASE READ AND CITE THE FOLLOWING REFERENCE ++++
M. J. Abraham, T. Murtola, R. Schulz, S. Páll, J. C. Smith, B. Hess, E.
Lindahl
GROMACS: High performance molecular simulations through multi-level
parallelism from laptops to supercomputers
SoftwareX 1 (2015) pp. 19-25
-------- -------- --- Thank You --- -------- --------


++++ PLEASE READ AND CITE THE FOLLOWING REFERENCE ++++
S. Páll, M. J. Abraham, C. Kutzner, B. Hess, E. Lindahl
Tackling Exascale Software Challenges in Molecular Dynamics Simulations with
GROMACS
In S. Markidis & E. Laure (Eds.), Solving Software Challenges for Exascale 8759 (2015) pp. 3-27
-------- -------- --- Thank You --- -------- --------


++++ PLEASE READ AND CITE THE FOLLOWING REFERENCE ++++
S. Pronk, S. Páll, R. Schulz, P. Larsson, P. Bjelkmar, R. Apostolov, M. R.
Shirts, J. C. Smith, P. M. Kasson, D. van der Spoel, B. Hess, and E. Lindahl
GROMACS 4.5: a high-throughput and highly parallel open source molecular
simulation toolkit
Bioinformatics 29 (2013) pp. 845-54
-------- -------- --- Thank You --- -------- --------


++++ PLEASE READ AND CITE THE FOLLOWING REFERENCE ++++
B. Hess and C. Kutzner and D. van der Spoel and E. Lindahl
GROMACS 4: Algorithms for highly efficient, load-balanced, and scalable
molecular simulation
J. Chem. Theory Comput. 4 (2008) pp. 435-447
-------- -------- --- Thank You --- -------- --------


++++ PLEASE READ AND CITE THE FOLLOWING REFERENCE ++++
D. van der Spoel, E. Lindahl, B. Hess, G. Groenhof, A. E. Mark and H. J. C.
Berendsen
GROMACS: Fast, Flexible and Free
J. Comp. Chem. 26 (2005) pp. 1701-1719
-------- -------- --- Thank You --- -------- --------


++++ PLEASE READ AND CITE THE FOLLOWING REFERENCE ++++
E. Lindahl and B. Hess and D. van der Spoel
GROMACS 3.0: A package for molecular simulation and trajectory analysis
J. Mol. Mod. 7 (2001) pp. 306-317
-------- -------- --- Thank You --- -------- --------


++++ PLEASE READ AND CITE THE FOLLOWING REFERENCE ++++
H. J. C. Berendsen, D. van der Spoel and R. van Drunen
GROMACS: A message-passing parallel molecular dynamics implementation
Comp. Phys. Comm. 91 (1995) pp. 43-56
-------- -------- --- Thank You --- -------- --------


The number of OpenMP threads was set by environment variable OMP_NUM_THREADS to 1

Input Parameters:
   integrator                     = md
   tinit                          = 0
   dt                             = 0.0005
   nsteps                         = 5000000
   init-step                      = 0
   simulation-part                = 1
   mts                            = false
   comm-mode                      = Linear
   nstcomm                        = 100
   bd-fric                        = 0
   ld-seed                        = 1675622842
   emtol                          = 10
   emstep                         = 0.01
   niter                          = 20
   fcstep                         = 0
   nstcgsteep                     = 1000
   nbfgscorr                      = 10
   rtpi                           = 0.05
   nstxout                        = 5000
   nstvout                        = 5000
   nstfout                        = 0
   nstlog                         = 5000
   nstcalcenergy                  = 100
   nstenergy                      = 5000
   nstxout-compressed             = 0
   compressed-x-precision         = 1000
   cutoff-scheme                  = Verlet
   nstlist                        = 10
   pbc                            = xyz
   periodic-molecules             = false
   verlet-buffer-tolerance        = 0.005
   rlist                          = 1.3
   coulombtype                    = PME-Switch
   coulomb-modifier               = Potential-shift
   rcoulomb-switch                = 1.245
   rcoulomb                       = 1.3
   epsilon-r                      = 1
   epsilon-rf                     = inf
   vdw-type                       = Cut-off
   vdw-modifier                   = Potential-shift
   rvdw-switch                    = 0
   rvdw                           = 1.3
   DispCorr                       = EnerPres
   table-extension                = 1
   fourierspacing                 = 0.12
   fourier-nx                     = 112
   fourier-ny                     = 112
   fourier-nz                     = 112
   pme-order                      = 6
   ewald-rtol                     = 1e-06
   ewald-rtol-lj                  = 0.001
   lj-pme-comb-rule               = Geometric
   ewald-geometry                 = 0
   epsilon-surface                = 0
   tcoupl                         = Nose-Hoover
   nsttcouple                     = 10
   nh-chain-length                = 1
   print-nose-hoover-chain-variables = false
   pcoupl                         = Parrinello-Rahman
   pcoupltype                     = Isotropic
   nstpcouple                     = 10
   tau-p                          = 8
   compressibility (3x3):
      compressibility[    0]={ 4.50000e-05,  0.00000e+00,  0.00000e+00}
      compressibility[    1]={ 0.00000e+00,  4.50000e-05,  0.00000e+00}
      compressibility[    2]={ 0.00000e+00,  0.00000e+00,  4.50000e-05}
   ref-p (3x3):
      ref-p[    0]={ 1.00000e+00,  0.00000e+00,  0.00000e+00}
      ref-p[    1]={ 0.00000e+00,  1.00000e+00,  0.00000e+00}
      ref-p[    2]={ 0.00000e+00,  0.00000e+00,  1.00000e+00}
   refcoord-scaling               = No
   posres-com (3):
      posres-com[0]= 0.00000e+00
      posres-com[1]= 0.00000e+00
      posres-com[2]= 0.00000e+00
   posres-comB (3):
      posres-comB[0]= 0.00000e+00
      posres-comB[1]= 0.00000e+00
      posres-comB[2]= 0.00000e+00
   QMMM                           = false
qm-opts:
   ngQM                           = 0
   constraint-algorithm           = Lincs
   continuation                   = true
   Shake-SOR                      = false
   shake-tol                      = 0.0001
   lincs-order                    = 4
   lincs-iter                     = 1
   lincs-warnangle                = 30
   nwall                          = 0
   wall-type                      = 9-3
   wall-r-linpot                  = -1
   wall-atomtype[0]               = -1
   wall-atomtype[1]               = -1
   wall-density[0]                = 0
   wall-density[1]                = 0
   wall-ewald-zfac                = 3
   pull                           = false
   awh                            = false
   rotation                       = false
   interactiveMD                  = false
   disre                          = No
   disre-weighting                = Conservative
   disre-mixed                    = false
   dr-fc                          = 1000
   dr-tau                         = 0
   nstdisreout                    = 100
   orire-fc                       = 0
   orire-tau                      = 0
   nstorireout                    = 100
   free-energy                    = no
   cos-acceleration               = 0
   deform (3x3):
      deform[    0]={ 0.00000e+00,  0.00000e+00,  0.00000e+00}
      deform[    1]={ 0.00000e+00,  0.00000e+00,  0.00000e+00}
      deform[    2]={ 0.00000e+00,  0.00000e+00,  0.00000e+00}
   simulated-tempering            = false
   swapcoords                     = no
   userint1                       = 0
   userint2                       = 0
   userint3                       = 0
   userint4                       = 0
   userreal1                      = 0
   userreal2                      = 0
   userreal3                      = 0
   userreal4                      = 0
   applied-forces:
     electric-field:
       x:
         E0                       = 0
         omega                    = 0
         t0                       = 0
         sigma                    = 0
       y:
         E0                       = 0
         omega                    = 0
         t0                       = 0
         sigma                    = 0
       z:
         E0                       = 0
         omega                    = 0
         t0                       = 0
         sigma                    = 0
     density-guided-simulation:
       active                     = false
       group                      = protein
       similarity-measure         = inner-product
       atom-spreading-weight      = unity
       force-constant             = 1e+09
       gaussian-transform-spreading-width = 0.2
       gaussian-transform-spreading-range-in-multiples-of-width = 4
       reference-density-filename = reference.mrc
       nst                        = 1
       normalize-densities        = true
       adaptive-force-scaling     = false
       adaptive-force-scaling-time-constant = 4
       shift-vector               = 
       transformation-matrix      = 
grpopts:
   nrdf:       12027
   ref-t:      298.15
   tau-t:           4
annealing:          No
annealing-npoints:           0
   acc:	           0           0           0
   nfreeze:           N           N           N
   energygrp-flags[  0]: 0

Changing nstlist from 10 to 100, rlist from 1.3 to 1.3


Initializing Domain Decomposition on 16 ranks
Dynamic load balancing: auto
Using update groups, nr 3910, average size 1.1 atoms, max. radius 0.084 nm
Minimum cell size due to atom displacement: 0.492 nm
Initial maximum distances in bonded interactions:
    two-body bonded interactions: 0.403 nm, LJ-14, atoms 76 106
  multi-body bonded interactions: 0.403 nm, Proper Dih., atoms 76 106
Minimum cell size due to bonded interactions: 0.444 nm
Scaling the initial minimum size with 1/0.8 (option -dds) = 1.25
Using 0 separate PME ranks, as there are too few total
 ranks for efficient splitting
Optimizing the DD grid for 16 cells with a minimum initial size of 0.615 nm
The maximum allowed number of cells is: X 21 Y 21 Z 21
Domain decomposition grid 16 x 1 x 1, separate PME ranks 0
PME domain decomposition: 16 x 1 x 1
Domain decomposition rank 0, coordinates 0 0 0

The initial number of communication pulses is: X 2
The initial domain decomposition cell size is: X 0.82 nm

The maximum allowed distance for atom groups involved in interactions is:
                 non-bonded interactions           1.468 nm
(the following are initial values, they could change due to box deformation)
            two-body bonded interactions  (-rdd)   1.468 nm
          multi-body bonded interactions  (-rdd)   0.815 nm

When dynamic load balancing gets turned on, these settings will change to:
The maximum number of communication pulses is: X 3
The minimum size for domain decomposition cells is 0.629 nm
The requested allowed shrink of DD cells (option -dds) is: 0.80
The allowed shrink of domain decomposition cells is: X 0.77
The maximum allowed distance for atom groups involved in interactions is:
                 non-bonded interactions           1.468 nm
            two-body bonded interactions  (-rdd)   1.468 nm
          multi-body bonded interactions  (-rdd)   0.629 nm

Using 16 MPI processes

Non-default thread affinity set, disabling internal thread affinity

Using 1 OpenMP thread per MPI process

System total charge: -0.000
Will do PME sum in reciprocal space for electrostatic interactions.

++++ PLEASE READ AND CITE THE FOLLOWING REFERENCE ++++
U. Essmann, L. Perera, M. L. Berkowitz, T. Darden, H. Lee and L. G. Pedersen 
A smooth particle mesh Ewald method
J. Chem. Phys. 103 (1995) pp. 8577-8592
-------- -------- --- Thank You --- -------- --------

Using a Gaussian width (1/beta) of 0.375841 nm for Ewald
Potential shift: LJ r^-12: -4.292e-02 r^-6: -2.072e-01, Ewald -7.692e-07
Initialized non-bonded Ewald tables, spacing: 1.01e-03 size: 1287

Generated table with 1150 data points for 1-4 COUL.
Tabscale = 500 points/nm
Generated table with 1150 data points for 1-4 LJ6.
Tabscale = 500 points/nm
Generated table with 1150 data points for 1-4 LJ12.
Tabscale = 500 points/nm
Long Range LJ corr.: <C6> 7.7538e-04


Using SIMD 4x8 nonbonded short-range kernels

Using a 4x8 pair-list setup:
  updated every 100 steps, buffer 0.000 nm, rlist 1.300 nm
At tolerance 0.005 kJ/mol/ps per atom, equivalent classical 1x1 list would be:
  updated every 100 steps, buffer 0.000 nm, rlist 1.300 nm

Using Lorentz-Berthelot Lennard-Jones combination rule

++++ PLEASE READ AND CITE THE FOLLOWING REFERENCE ++++
S. Miyamoto and P. A. Kollman
SETTLE: An Analytical Version of the SHAKE and RATTLE Algorithms for Rigid
Water Models
J. Comp. Chem. 13 (1992) pp. 952-962
-------- -------- --- Thank You --- -------- --------


Linking all bonded interactions to atoms


Intra-simulation communication will occur every 10 steps.
There are: 4110 Atoms
Atom distribution over 16 domains: av 256 stddev 286 min 19 max 872
Center of mass motion removal mode is Linear
We have the following groups for center of mass motion removal:
  0:  rest

Started mdrun on rank 0 Wed May  8 04:29:32 2024

           Step           Time
              0        0.00000

   Energies (kJ/mol)
           Bond          Angle    Proper Dih.  Improper Dih.          LJ-14
    5.18216e+03    8.78386e+03    7.35540e+03    2.85054e+02    3.40973e+03
     Coulomb-14        LJ (SR)  Disper. corr.   Coulomb (SR)   Coul. recip.
   -5.52554e+04   -4.40225e+03   -1.09186e+01    8.13969e+03    8.04212e+02
      Potential    Kinetic En.   Total Energy  Conserved En.    Temperature
   -2.57085e+04    1.52144e+04   -1.04941e+04   -1.03604e+04    3.04293e+02
 Pres. DC (bar) Pressure (bar)
   -8.41402e-02    1.69151e+01


DD  step 99 load imb.: force 234.4%

step 300 Turning on dynamic load balancing, because the performance loss due to load imbalance is 14.6 %.

DD  load balancing is limited by minimum cell size in dimension X
DD  step 4999  vol min/aver 0.772! load imb.: force 171.5%
           Step           Time
           5000        2.50000

   Energies (kJ/mol)
           Bond          Angle    Proper Dih.  Improper Dih.          LJ-14
    4.97433e+03    8.60200e+03    7.34812e+03    2.63389e+02    3.38362e+03
     Coulomb-14        LJ (SR)  Disper. corr.   Coulomb (SR)   Coul. recip.
   -5.52972e+04   -4.46764e+03   -1.09177e+01    8.19138e+03    7.83852e+02
      Potential    Kinetic En.   Total Energy  Conserved En.    Temperature
   -2.62291e+04    1.47702e+04   -1.14589e+04   -1.04103e+04    2.95410e+02
 Pres. DC (bar) Pressure (bar)
   -8.41258e-02    3.07688e+01


DD  load balancing is limited by minimum cell size in dimension X
DD  step 9999  vol min/aver 0.772! load imb.: force 183.0%
           Step           Time
          10000        5.00000

   Energies (kJ/mol)
           Bond          Angle    Proper Dih.  Improper Dih.          LJ-14
    5.21218e+03    8.47296e+03    7.40588e+03    2.90410e+02    3.36088e+03
     Coulomb-14        LJ (SR)  Disper. corr.   Coulomb (SR)   Coul. recip.
   -5.50654e+04   -4.61491e+03   -1.09147e+01    7.86051e+03    7.71769e+02
      Potential    Kinetic En.   Total Energy  Conserved En.    Temperature
   -2.63166e+04    1.50769e+04   -1.12397e+04   -1.04111e+04    3.01544e+02
 Pres. DC (bar) Pressure (bar)
   -8.40816e-02    7.35500e+00


DD  load balancing is limited by minimum cell size in dimension X
DD  step 14999  vol min/aver 0.772! load imb.: force 189.1%
           Step           Time
          15000        7.50000

   Energies (kJ/mol)
           Bond          Angle    Proper Dih.  Improper Dih.          LJ-14
    5.24296e+03    8.88811e+03    7.45283e+03    2.89482e+02    3.34302e+03
     Coulomb-14        LJ (SR)  Disper. corr.   Coulomb (SR)   Coul. recip.
   -5.51356e+04   -4.51869e+03   -1.09100e+01    7.75041e+03    7.64504e+02
      Potential    Kinetic En.   Total Energy  Conserved En.    Temperature
   -2.59338e+04    1.49778e+04   -1.09560e+04   -1.04039e+04    2.99562e+02
 Pres. DC (bar) Pressure (bar)
   -8.40112e-02   -9.45300e+00


step 16000 Turning off dynamic load balancing, because it is degrading performance.
Atom distribution over 16 domains: av 256 stddev 272 min 17 max 877

DD  step 19999 load imb.: force 226.6%
           Step           Time
          20000       10.00000

   Energies (kJ/mol)
           Bond          Angle    Proper Dih.  Improper Dih.          LJ-14
    5.10735e+03    8.73538e+03    7.46503e+03    3.25607e+02    3.36428e+03
     Coulomb-14        LJ (SR)  Disper. corr.   Coulomb (SR)   Coul. recip.
   -5.50175e+04   -4.53567e+03   -1.09032e+01    7.62309e+03    7.69329e+02
      Potential    Kinetic En.   Total Energy  Conserved En.    Temperature
   -2.61740e+04    1.45238e+04   -1.16502e+04   -1.04132e+04    2.90481e+02
 Pres. DC (bar) Pressure (bar)
   -8.39087e-02   -1.53028e+01


DD  step 24999 load imb.: force 224.1%
           Step           Time
          25000       12.50000

   Energies (kJ/mol)
           Bond          Angle    Proper Dih.  Improper Dih.          LJ-14
    5.22630e+03    8.62428e+03    7.44812e+03    2.78742e+02    3.33509e+03
     Coulomb-14        LJ (SR)  Disper. corr.   Coulomb (SR)   Coul. recip.
   -5.51749e+04   -4.66065e+03   -1.08947e+01    7.70586e+03    7.94929e+02
      Potential    Kinetic En.   Total Energy  Conserved En.    Temperature
   -2.64331e+04    1.52458e+04   -1.11873e+04   -1.04193e+04    3.04921e+02
 Pres. DC (bar) Pressure (bar)
   -8.37826e-02    1.97826e+01


DD  step 29999 load imb.: force 225.0%

step 30000 Turning on dynamic load balancing, because the performance loss due to load imbalance is 12.0 %.
           Step           Time
          30000       15.00000

   Energies (kJ/mol)
           Bond          Angle    Proper Dih.  Improper Dih.          LJ-14
    5.04754e+03    8.67103e+03    7.48205e+03    3.17495e+02    3.33812e+03
     Coulomb-14        LJ (SR)  Disper. corr.   Coulomb (SR)   Coul. recip.
   -5.52000e+04   -4.30476e+03   -1.08836e+01    7.36847e+03    7.52898e+02
      Potential    Kinetic En.   Total Energy  Conserved En.    Temperature
   -2.65380e+04    1.51862e+04   -1.13518e+04   -1.04167e+04    3.03730e+02
 Pres. DC (bar) Pressure (bar)
   -8.36167e-02    9.68577e+00


DD  load balancing is limited by minimum cell size in dimension X
DD  step 34999  vol min/aver 0.771! load imb.: force 166.1%
           Step           Time
          35000       17.50000

   Energies (kJ/mol)
           Bond          Angle    Proper Dih.  Improper Dih.          LJ-14
    5.13417e+03    8.87100e+03    7.22708e+03    2.92625e+02    3.33959e+03
     Coulomb-14        LJ (SR)  Disper. corr.   Coulomb (SR)   Coul. recip.
   -5.52676e+04   -4.32536e+03   -1.08711e+01    7.43140e+03    7.58317e+02
      Potential    Kinetic En.   Total Energy  Conserved En.    Temperature
   -2.65496e+04    1.48878e+04   -1.16618e+04   -1.04162e+04    2.97762e+02
 Pres. DC (bar) Pressure (bar)
   -8.34299e-02   -8.86057e+00


DD  load balancing is limited by minimum cell size in dimension X
DD  step 39999  vol min/aver 0.771! load imb.: force 174.9%
           Step           Time
          40000       20.00000

   Energies (kJ/mol)
           Bond          Angle    Proper Dih.  Improper Dih.          LJ-14
    5.17205e+03    8.75693e+03    7.53513e+03    3.38825e+02    3.40609e+03
     Coulomb-14        LJ (SR)  Disper. corr.   Coulomb (SR)   Coul. recip.
   -5.52660e+04   -4.55139e+03   -1.08565e+01    7.57671e+03    7.58817e+02
      Potential    Kinetic En.   Total Energy  Conserved En.    Temperature
   -2.62837e+04    1.52979e+04   -1.09859e+04   -1.04130e+04    3.05963e+02
 Pres. DC (bar) Pressure (bar)
   -8.32124e-02    2.67608e+00


DD  load balancing is limited by minimum cell size in dimension X
DD  step 44999  vol min/aver 0.770! load imb.: force 161.4%
           Step           Time
          45000       22.50000

   Energies (kJ/mol)
           Bond          Angle    Proper Dih.  Improper Dih.          LJ-14
    5.00795e+03    8.62877e+03    7.34285e+03    2.97187e+02    3.31725e+03
     Coulomb-14        LJ (SR)  Disper. corr.   Coulomb (SR)   Coul. recip.
   -5.53397e+04   -4.58531e+03   -1.08403e+01    7.95031e+03    7.44569e+02
      Potential    Kinetic En.   Total Energy  Conserved En.    Temperature
   -2.66470e+04    1.46766e+04   -1.19704e+04   -1.04137e+04    2.93538e+02
 Pres. DC (bar) Pressure (bar)
   -8.29722e-02   -1.48559e+01


DD  load balancing is limited by minimum cell size in dimension X
DD  step 49999  vol min/aver 0.770! load imb.: force 168.7%
           Step           Time
          50000       25.00000

   Energies (kJ/mol)
           Bond          Angle    Proper Dih.  Improper Dih.          LJ-14
    5.09165e+03    8.82423e+03    7.41699e+03    3.17959e+02    3.34455e+03
     Coulomb-14        LJ (SR)  Disper. corr.   Coulomb (SR)   Coul. recip.
   -5.52988e+04   -4.70892e+03   -1.08217e+01    7.84486e+03    7.49802e+02
      Potential    Kinetic En.   Total Energy  Conserved En.    Temperature
   -2.64285e+04    1.49905e+04   -1.14380e+04   -1.04147e+04    2.99816e+02
 Pres. DC (bar) Pressure (bar)
   -8.26969e-02   -7.33068e+00


DD  load balancing is limited by minimum cell size in dimension X
DD  step 54999  vol min/aver 0.769! load imb.: force 167.1%
           Step           Time
          55000       27.50000

   Energies (kJ/mol)
           Bond          Angle    Proper Dih.  Improper Dih.          LJ-14
    5.25680e+03    8.94512e+03    7.33243e+03    2.98381e+02    3.39306e+03
     Coulomb-14        LJ (SR)  Disper. corr.   Coulomb (SR)   Coul. recip.
   -5.52463e+04   -4.64693e+03   -1.08016e+01    7.74658e+03    7.38856e+02
      Potential    Kinetic En.   Total Energy  Conserved En.    Temperature
   -2.61928e+04    1.49728e+04   -1.12200e+04   -1.04116e+04    2.99461e+02
 Pres. DC (bar) Pressure (bar)
   -8.23983e-02    9.51182e-02


DD  load balancing is limited by minimum cell size in dimension X
DD  step 59999  vol min/aver 0.769! load imb.: force 162.3%
           Step           Time
          60000       30.00000

   Energies (kJ/mol)
           Bond          Angle    Proper Dih.  Improper Dih.          LJ-14
    5.01552e+03    8.94120e+03    7.31533e+03    2.80568e+02    3.42159e+03
     Coulomb-14        LJ (SR)  Disper. corr.   Coulomb (SR)   Coul. recip.
   -5.53139e+04   -4.75401e+03   -1.07805e+01    7.46134e+03    7.13552e+02
      Potential    Kinetic En.   Total Energy  Conserved En.    Temperature
   -2.69296e+04    1.45463e+04   -1.23834e+04   -1.04189e+04    2.90931e+02
 Pres. DC (bar) Pressure (bar)
   -8.20856e-02    3.73033e+01


DD  load balancing is limited by minimum cell size in dimension X
DD  step 64999  vol min/aver 0.768! load imb.: force 173.6%
           Step           Time
          65000       32.50000

   Energies (kJ/mol)
           Bond          Angle    Proper Dih.  Improper Dih.          LJ-14
    5.26379e+03    8.87784e+03    7.50720e+03    3.10196e+02    3.33273e+03
     Coulomb-14        LJ (SR)  Disper. corr.   Coulomb (SR)   Coul. recip.
   -5.53096e+04   -4.58752e+03   -1.07573e+01    7.57152e+03    7.46484e+02
      Potential    Kinetic En.   Total Energy  Conserved En.    Temperature
   -2.62981e+04    1.52998e+04   -1.09983e+04   -1.04157e+04    3.06002e+02
 Pres. DC (bar) Pressure (bar)
   -8.17443e-02   -2.06803e+00


DD  load balancing is limited by minimum cell size in dimension X
DD  step 69999  vol min/aver 0.768! load imb.: force 165.0%
           Step           Time
          70000       35.00000

   Energies (kJ/mol)
           Bond          Angle    Proper Dih.  Improper Dih.          LJ-14
    5.14740e+03    8.63813e+03    7.32434e+03    3.01184e+02    3.29712e+03
     Coulomb-14        LJ (SR)  Disper. corr.   Coulomb (SR)   Coul. recip.
   -5.53316e+04   -4.55391e+03   -1.07329e+01    7.76060e+03    7.01900e+02
      Potential    Kinetic En.   Total Energy  Conserved En.    Temperature
   -2.67256e+04    1.47732e+04   -1.19524e+04   -1.04107e+04    2.95470e+02
 Pres. DC (bar) Pressure (bar)
   -8.13838e-02   -1.49486e+01


DD  load balancing is limited by minimum cell size in dimension X
DD  step 74999  vol min/aver 0.767! load imb.: force 173.5%
           Step           Time
          75000       37.50000

   Energies (kJ/mol)
           Bond          Angle    Proper Dih.  Improper Dih.          LJ-14
    5.07883e+03    8.88993e+03    7.28002e+03    2.86829e+02    3.38827e+03
     Coulomb-14        LJ (SR)  Disper. corr.   Coulomb (SR)   Coul. recip.
   -5.52442e+04   -4.72824e+03   -1.07075e+01    7.37985e+03    7.05574e+02
      Potential    Kinetic En.   Total Energy  Conserved En.    Temperature
   -2.69738e+04    1.48632e+04   -1.21106e+04   -1.04152e+04    2.97270e+02
 Pres. DC (bar) Pressure (bar)
   -8.10109e-02   -9.41818e+00


DD  load balancing is limited by minimum cell size in dimension X
DD  step 79999  vol min/aver 0.767! load imb.: force 167.7%
           Step           Time
          80000       40.00000

   Energies (kJ/mol)
           Bond          Angle    Proper Dih.  Improper Dih.          LJ-14
    5.18429e+03    9.00113e+03    7.33161e+03    3.19845e+02    3.36251e+03
     Coulomb-14        LJ (SR)  Disper. corr.   Coulomb (SR)   Coul. recip.
   -5.53253e+04   -4.72717e+03   -1.06801e+01    7.46389e+03    7.37257e+02
      Potential    Kinetic En.   Total Energy  Conserved En.    Temperature
   -2.66627e+04    1.55035e+04   -1.11591e+04   -1.04140e+04    3.10077e+02
 Pres. DC (bar) Pressure (bar)
   -8.06098e-02   -1.69343e+00


DD  load balancing is limited by minimum cell size in dimension X
DD  step 84999  vol min/aver 0.766! load imb.: force 165.0%
           Step           Time
          85000       42.50000

   Energies (kJ/mol)
           Bond          Angle    Proper Dih.  Improper Dih.          LJ-14
    5.04598e+03    8.46431e+03    7.19380e+03    2.87209e+02    3.40461e+03
     Coulomb-14        LJ (SR)  Disper. corr.   Coulomb (SR)   Coul. recip.
   -5.51026e+04   -4.58726e+03   -1.06517e+01    7.18102e+03    7.07539e+02
      Potential    Kinetic En.   Total Energy  Conserved En.    Temperature
   -2.74160e+04    1.46652e+04   -1.27508e+04   -1.04117e+04    2.93309e+02
 Pres. DC (bar) Pressure (bar)
   -8.01946e-02    2.59642e+01


DD  load balancing is limited by minimum cell size in dimension X
DD  step 89999  vol min/aver 0.765! load imb.: force 162.9%
           Step           Time
          90000       45.00000

   Energies (kJ/mol)
           Bond          Angle    Proper Dih.  Improper Dih.          LJ-14
    5.13461e+03    8.75079e+03    7.42995e+03    3.11314e+02    3.42214e+03
     Coulomb-14        LJ (SR)  Disper. corr.   Coulomb (SR)   Coul. recip.
   -5.48989e+04   -4.57782e+03   -1.06212e+01    6.77882e+03    7.56835e+02
      Potential    Kinetic En.   Total Energy  Conserved En.    Temperature
   -2.69029e+04    1.49762e+04   -1.19267e+04   -1.04178e+04    2.99530e+02
 Pres. DC (bar) Pressure (bar)
   -7.97496e-02   -3.14386e+00


DD  load balancing is limited by minimum cell size in dimension X
DD  step 94999  vol min/aver 0.765! load imb.: force 144.7%
           Step           Time
          95000       47.50000

   Energies (kJ/mol)
           Bond          Angle    Proper Dih.  Improper Dih.          LJ-14
    5.16669e+03    8.76859e+03    7.49112e+03    3.05105e+02    3.36002e+03
     Coulomb-14        LJ (SR)  Disper. corr.   Coulomb (SR)   Coul. recip.
   -5.49888e+04   -4.59356e+03   -1.05900e+01    7.05033e+03    7.41575e+02
      Potential    Kinetic En.   Total Energy  Conserved En.    Temperature
   -2.67095e+04    1.51085e+04   -1.16010e+04   -1.04141e+04    3.02175e+02
 Pres. DC (bar) Pressure (bar)
   -7.92949e-02   -1.94248e+01


DD  load balancing is limited by minimum cell size in dimension X
DD  step 99999  vol min/aver 0.764! load imb.: force 164.7%
           Step           Time
         100000       50.00000

   Energies (kJ/mol)
           Bond          Angle    Proper Dih.  Improper Dih.          LJ-14
    5.14116e+03    8.56862e+03    7.35490e+03    3.31030e+02    3.37689e+03
     Coulomb-14        LJ (SR)  Disper. corr.   Coulomb (SR)   Coul. recip.
   -5.49968e+04   -4.47713e+03   -1.05581e+01    6.73838e+03    7.50914e+02
      Potential    Kinetic En.   Total Energy  Conserved En.    Temperature
   -2.72226e+04    1.44831e+04   -1.27395e+04   -1.04156e+04    2.89668e+02
 Pres. DC (bar) Pressure (bar)
   -7.88327e-02   -8.96053e+00


DD  load balancing is limited by minimum cell size in dimension X
DD  step 104999  vol min/aver 0.763! load imb.: force 145.9%
           Step           Time
         105000       52.50000

   Energies (kJ/mol)
           Bond          Angle    Proper Dih.  Improper Dih.          LJ-14
    5.11302e+03    8.79308e+03    7.34277e+03    3.11021e+02    3.38972e+03
     Coulomb-14        LJ (SR)  Disper. corr.   Coulomb (SR)   Coul. recip.
   -5.52153e+04   -4.38322e+03   -1.05243e+01    7.10437e+03    7.59885e+02
      Potential    Kinetic En.   Total Energy  Conserved En.    Temperature
   -2.67952e+04    1.51859e+04   -1.16093e+04   -1.04169e+04    3.03724e+02
 Pres. DC (bar) Pressure (bar)
   -7.83448e-02    9.11833e+00


DD  load balancing is limited by minimum cell size in dimension X
DD  step 109999  vol min/aver 0.762! load imb.: force 137.4%
           Step           Time
         110000       55.00000

   Energies (kJ/mol)
           Bond          Angle    Proper Dih.  Improper Dih.          LJ-14
    5.01059e+03    8.62082e+03    7.22599e+03    2.99812e+02    3.43593e+03
     Coulomb-14        LJ (SR)  Disper. corr.   Coulomb (SR)   Coul. recip.
   -5.49920e+04   -4.51653e+03   -1.04905e+01    7.00804e+03    7.42735e+02
      Potential    Kinetic En.   Total Energy  Conserved En.    Temperature
   -2.71751e+04    1.49139e+04   -1.22612e+04   -1.04160e+04    2.98284e+02
 Pres. DC (bar) Pressure (bar)
   -7.78575e-02    2.65882e+01


DD  load balancing is limited by minimum cell size in dimension X
DD  step 114999  vol min/aver 0.761! load imb.: force 139.7%
           Step           Time
         115000       57.50000

   Energies (kJ/mol)
           Bond          Angle    Proper Dih.  Improper Dih.          LJ-14
    5.08969e+03    8.66945e+03    7.38081e+03    3.02887e+02    3.41741e+03
     Coulomb-14        LJ (SR)  Disper. corr.   Coulomb (SR)   Coul. recip.
   -5.52574e+04   -4.63096e+03   -1.04561e+01    6.99180e+03    7.83722e+02
      Potential    Kinetic En.   Total Energy  Conserved En.    Temperature
   -2.72631e+04    1.50620e+04   -1.22011e+04   -1.04137e+04    3.01246e+02
 Pres. DC (bar) Pressure (bar)
   -7.73632e-02    3.20596e+01


DD  load balancing is limited by minimum cell size in dimension X
DD  step 119999  vol min/aver 0.761! load imb.: force 132.5%
           Step           Time
         120000       60.00000

   Energies (kJ/mol)
           Bond          Angle    Proper Dih.  Improper Dih.          LJ-14
    5.27785e+03    8.90371e+03    7.43918e+03    2.91047e+02    3.35991e+03
     Coulomb-14        LJ (SR)  Disper. corr.   Coulomb (SR)   Coul. recip.
   -5.51571e+04   -4.74892e+03   -1.04207e+01    7.26142e+03    7.85337e+02
      Potential    Kinetic En.   Total Energy  Conserved En.    Temperature
   -2.65980e+04    1.48156e+04   -1.17824e+04   -1.04086e+04    2.96318e+02
 Pres. DC (bar) Pressure (bar)
   -7.68557e-02    4.36623e+00


DD  load balancing is limited by minimum cell size in dimension X
DD  step 124999  vol min/aver 0.760! load imb.: force 151.2%
           Step           Time
         125000       62.50000

   Energies (kJ/mol)
           Bond          Angle    Proper Dih.  Improper Dih.          LJ-14
    4.97332e+03    8.85832e+03    7.36542e+03    3.12100e+02    3.37839e+03
     Coulomb-14        LJ (SR)  Disper. corr.   Coulomb (SR)   Coul. recip.
   -5.50273e+04   -4.54038e+03   -1.03846e+01    7.06459e+03    7.68935e+02
      Potential    Kinetic En.   Total Energy  Conserved En.    Temperature
   -2.68570e+04    1.44711e+04   -1.23859e+04   -1.04133e+04    2.89427e+02
 Pres. DC (bar) Pressure (bar)
   -7.63407e-02    4.59332e+00


DD  load balancing is limited by minimum cell size in dimension X
DD  step 129999  vol min/aver 0.759! load imb.: force 126.2%
           Step           Time
         130000       65.00000

   Energies (kJ/mol)
           Bond          Angle    Proper Dih.  Improper Dih.          LJ-14
    5.18703e+03    8.63069e+03    7.29335e+03    2.98200e+02    3.32949e+03
     Coulomb-14        LJ (SR)  Disper. corr.   Coulomb (SR)   Coul. recip.
   -5.51300e+04   -4.51889e+03   -1.03480e+01    7.01058e+03    7.46766e+02
      Potential    Kinetic En.   Total Energy  Conserved En.    Temperature
   -2.71631e+04    1.52858e+04   -1.18773e+04   -1.04118e+04    3.05723e+02
 Pres. DC (bar) Pressure (bar)
   -7.58203e-02    2.43955e+01


DD  load balancing is limited by minimum cell size in dimension X
DD  step 134999  vol min/aver 0.758! load imb.: force 129.4%
           Step           Time
         135000       67.50000

   Energies (kJ/mol)
           Bond          Angle    Proper Dih.  Improper Dih.          LJ-14
    5.24267e+03    8.79667e+03    7.16465e+03    2.74276e+02    3.32479e+03
     Coulomb-14        LJ (SR)  Disper. corr.   Coulomb (SR)   Coul. recip.
   -5.51098e+04   -4.48087e+03   -1.03107e+01    7.03954e+03    7.33172e+02
      Potential    Kinetic En.   Total Energy  Conserved En.    Temperature
   -2.70252e+04    1.51127e+04   -1.19125e+04   -1.04064e+04    3.02261e+02
 Pres. DC (bar) Pressure (bar)
   -7.52913e-02    2.58438e-01


DD  load balancing is limited by minimum cell size in dimension X
DD  step 139999  vol min/aver 0.757! load imb.: force 123.3%
           Step           Time
         140000       70.00000

   Energies (kJ/mol)
           Bond          Angle    Proper Dih.  Improper Dih.          LJ-14
    5.20186e+03    8.69945e+03    7.44851e+03    3.21170e+02    3.34883e+03
     Coulomb-14        LJ (SR)  Disper. corr.   Coulomb (SR)   Coul. recip.
   -5.49801e+04   -4.51892e+03   -1.02721e+01    6.87848e+03    7.66832e+02
      Potential    Kinetic En.   Total Energy  Conserved En.    Temperature
   -2.68441e+04    1.47117e+04   -1.21324e+04   -1.04105e+04    2.94241e+02
 Pres. DC (bar) Pressure (bar)
   -7.47466e-02   -1.80128e+01


DD  load balancing is limited by minimum cell size in dimension X
DD  step 144999  vol min/aver 0.756! load imb.: force 133.6%
           Step           Time
         145000       72.50000

   Energies (kJ/mol)
           Bond          Angle    Proper Dih.  Improper Dih.          LJ-14
    5.21316e+03    8.65172e+03    7.34935e+03    3.47368e+02    3.41041e+03
     Coulomb-14        LJ (SR)  Disper. corr.   Coulomb (SR)   Coul. recip.
   -5.50637e+04   -4.58577e+03   -1.02336e+01    7.15667e+03    7.41207e+02
      Potential    Kinetic En.   Total Energy  Conserved En.    Temperature
   -2.67898e+04    1.51589e+04   -1.16309e+04   -1.04150e+04    3.03185e+02
 Pres. DC (bar) Pressure (bar)
   -7.42043e-02    1.89634e+01


DD  load balancing is limited by minimum cell size in dimension X
DD  step 149999  vol min/aver 0.755! load imb.: force 128.0%
           Step           Time
         150000       75.00000

   Energies (kJ/mol)
           Bond          Angle    Proper Dih.  Improper Dih.          LJ-14
    5.08493e+03    8.76763e+03    7.44105e+03    3.17706e+02    3.35034e+03
     Coulomb-14        LJ (SR)  Disper. corr.   Coulomb (SR)   Coul. recip.
   -5.49119e+04   -4.67026e+03   -1.01944e+01    6.98052e+03    7.52283e+02
      Potential    Kinetic En.   Total Energy  Conserved En.    Temperature
   -2.68979e+04    1.49232e+04   -1.19747e+04   -1.04104e+04    2.98471e+02
 Pres. DC (bar) Pressure (bar)
   -7.36542e-02   -7.44442e+00


DD  load balancing is limited by minimum cell size in dimension X
DD  step 154999  vol min/aver 0.754! load imb.: force 136.1%
           Step           Time
         155000       77.50000

   Energies (kJ/mol)
           Bond          Angle    Proper Dih.  Improper Dih.          LJ-14
    5.19507e+03    8.68277e+03    7.31692e+03    3.27183e+02    3.33685e+03
     Coulomb-14        LJ (SR)  Disper. corr.   Coulomb (SR)   Coul. recip.
   -5.50149e+04   -4.71371e+03   -1.01550e+01    7.02160e+03    7.12812e+02
      Potential    Kinetic En.   Total Energy  Conserved En.    Temperature
   -2.71456e+04    1.48861e+04   -1.22595e+04   -1.04172e+04    2.97728e+02
 Pres. DC (bar) Pressure (bar)
   -7.31037e-02    1.30062e+01


DD  load balancing is limited by minimum cell size in dimension X
DD  step 159999  vol min/aver 0.753! load imb.: force 127.9%
           Step           Time
         160000       80.00000

   Energies (kJ/mol)
           Bond          Angle    Proper Dih.  Improper Dih.          LJ-14
    5.24882e+03    8.88084e+03    7.37383e+03    2.82355e+02    3.41654e+03
     Coulomb-14        LJ (SR)  Disper. corr.   Coulomb (SR)   Coul. recip.
   -5.47751e+04   -4.56539e+03   -1.01142e+01    6.64568e+03    7.32766e+02
      Potential    Kinetic En.   Total Energy  Conserved En.    Temperature
   -2.67697e+04    1.50610e+04   -1.17087e+04   -1.04136e+04    3.01226e+02
 Pres. DC (bar) Pressure (bar)
   -7.25362e-02    2.15575e+01


DD  load balancing is limited by minimum cell size in dimension X
DD  step 164999  vol min/aver 0.752! load imb.: force 129.5%
           Step           Time
         165000       82.50000

   Energies (kJ/mol)
           Bond          Angle    Proper Dih.  Improper Dih.          LJ-14
    5.26823e+03    8.85411e+03    7.44172e+03    2.97535e+02    3.31515e+03
     Coulomb-14        LJ (SR)  Disper. corr.   Coulomb (SR)   Coul. recip.
   -5.45988e+04   -4.93820e+03   -1.00736e+01    6.39646e+03    7.37653e+02
      Potential    Kinetic En.   Total Energy  Conserved En.    Temperature
   -2.72362e+04    1.48678e+04   -1.23684e+04   -1.04114e+04    2.97361e+02
 Pres. DC (bar) Pressure (bar)
   -7.19727e-02   -3.75513e+01


DD  load balancing is limited by minimum cell size in dimension X
DD  step 169999  vol min/aver 0.751! load imb.: force 130.7%
           Step           Time
         170000       85.00000

   Energies (kJ/mol)
           Bond          Angle    Proper Dih.  Improper Dih.          LJ-14
    5.13679e+03    8.87741e+03    7.26728e+03    2.80474e+02    3.36521e+03
     Coulomb-14        LJ (SR)  Disper. corr.   Coulomb (SR)   Coul. recip.
   -5.47141e+04   -4.75598e+03   -1.00319e+01    6.52025e+03    7.54983e+02
      Potential    Kinetic En.   Total Energy  Conserved En.    Temperature
   -2.72777e+04    1.50244e+04   -1.22532e+04   -1.04224e+04    3.00495e+02
 Pres. DC (bar) Pressure (bar)
   -7.13971e-02   -2.09010e+01


DD  load balancing is limited by minimum cell size in dimension X
DD  step 174999  vol min/aver 0.750! load imb.: force 128.3%
           Step           Time
         175000       87.50000

   Energies (kJ/mol)
           Bond          Angle    Proper Dih.  Improper Dih.          LJ-14
    5.24008e+03    9.07676e+03    7.36003e+03    2.77070e+02    3.34685e+03
     Coulomb-14        LJ (SR)  Disper. corr.   Coulomb (SR)   Coul. recip.
   -5.46994e+04   -4.50579e+03   -9.98972e+00    6.14918e+03    7.64058e+02
      Potential    Kinetic En.   Total Energy  Conserved En.    Temperature
   -2.70012e+04    1.48511e+04   -1.21501e+04   -1.04167e+04    2.97028e+02
 Pres. DC (bar) Pressure (bar)
   -7.08174e-02   -1.59188e+01


DD  load balancing is limited by minimum cell size in dimension X
DD  step 179999  vol min/aver 0.749! load imb.: force 130.4%
           Step           Time
         180000       90.00000

   Energies (kJ/mol)
           Bond          Angle    Proper Dih.  Improper Dih.          LJ-14
    5.20066e+03    8.72808e+03    7.31080e+03    2.89306e+02    3.44028e+03
     Coulomb-14        LJ (SR)  Disper. corr.   Coulomb (SR)   Coul. recip.
   -5.47716e+04   -4.83447e+03   -9.94675e+00    6.27176e+03    7.66232e+02
      Potential    Kinetic En.   Total Energy  Conserved En.    Temperature
   -2.76089e+04    1.48470e+04   -1.27618e+04   -1.04136e+04    2.96946e+02
 Pres. DC (bar) Pressure (bar)
   -7.02289e-02    4.06591e+00


DD  load balancing is limited by minimum cell size in dimension X
DD  step 184999  vol min/aver 0.748! load imb.: force 125.0%
           Step           Time
         185000       92.50000

   Energies (kJ/mol)
           Bond          Angle    Proper Dih.  Improper Dih.          LJ-14
    5.11727e+03    8.88191e+03    7.55702e+03    3.20631e+02    3.36049e+03
     Coulomb-14        LJ (SR)  Disper. corr.   Coulomb (SR)   Coul. recip.
   -5.49458e+04   -4.93525e+03   -9.90375e+00    6.60884e+03    7.33696e+02
      Potential    Kinetic En.   Total Energy  Conserved En.    Temperature
   -2.73111e+04    1.51157e+04   -1.21954e+04   -1.04131e+04    3.02320e+02
 Pres. DC (bar) Pressure (bar)
   -6.96424e-02   -1.73550e+01


DD  load balancing is limited by minimum cell size in dimension X
DD  step 189999  vol min/aver 0.747! load imb.: force 121.1%
           Step           Time
         190000       95.00000

   Energies (kJ/mol)
           Bond          Angle    Proper Dih.  Improper Dih.          LJ-14
    5.23065e+03    8.95066e+03    7.42210e+03    2.65482e+02    3.42990e+03
     Coulomb-14        LJ (SR)  Disper. corr.   Coulomb (SR)   Coul. recip.
   -5.48678e+04   -4.67658e+03   -9.86039e+00    6.46689e+03    7.49339e+02
      Potential    Kinetic En.   Total Energy  Conserved En.    Temperature
   -2.70393e+04    1.46831e+04   -1.23561e+04   -1.04137e+04    2.93668e+02
 Pres. DC (bar) Pressure (bar)
   -6.90534e-02    2.17048e+00


DD  load balancing is limited by minimum cell size in dimension X
DD  step 194999  vol min/aver 0.746! load imb.: force 130.8%
           Step           Time
         195000       97.50000

   Energies (kJ/mol)
           Bond          Angle    Proper Dih.  Improper Dih.          LJ-14
    5.18574e+03    8.67964e+03    7.36383e+03    3.15285e+02    3.41897e+03
     Coulomb-14        LJ (SR)  Disper. corr.   Coulomb (SR)   Coul. recip.
   -5.48052e+04   -4.63975e+03   -9.81658e+00    6.54181e+03    7.09029e+02
      Potential    Kinetic En.   Total Energy  Conserved En.    Temperature
   -2.72405e+04    1.45385e+04   -1.27020e+04   -1.04139e+04    2.90775e+02
 Pres. DC (bar) Pressure (bar)
   -6.84610e-02    2.45406e+01


DD  load balancing is limited by minimum cell size in dimension X
DD  step 199999  vol min/aver 0.745! load imb.: force 120.6%
           Step           Time
         200000      100.00000

   Energies (kJ/mol)
           Bond          Angle    Proper Dih.  Improper Dih.          LJ-14
    5.17099e+03    8.88335e+03    7.44342e+03    3.01131e+02    3.40493e+03
     Coulomb-14        LJ (SR)  Disper. corr.   Coulomb (SR)   Coul. recip.
   -5.48063e+04   -4.63854e+03   -9.77284e+00    6.34210e+03    6.96420e+02
      Potential    Kinetic En.   Total Energy  Conserved En.    Temperature
   -2.72123e+04    1.50643e+04   -1.21480e+04   -1.04172e+04    3.01292e+02
 Pres. DC (bar) Pressure (bar)
   -6.78720e-02    2.38152e-01


DD  load balancing is limited by minimum cell size in dimension X
DD  step 204999  vol min/aver 0.744! load imb.: force 113.3%
           Step           Time
         205000      102.50000

   Energies (kJ/mol)
           Bond          Angle    Proper Dih.  Improper Dih.          LJ-14
    5.22604e+03    8.90111e+03    7.35418e+03    2.85265e+02    3.35153e+03
     Coulomb-14        LJ (SR)  Disper. corr.   Coulomb (SR)   Coul. recip.
   -5.48028e+04   -4.60841e+03   -9.72900e+00    5.98087e+03    7.35971e+02
      Potential    Kinetic En.   Total Energy  Conserved En.    Temperature
   -2.75860e+04    1.49937e+04   -1.25923e+04   -1.04139e+04    2.99880e+02
 Pres. DC (bar) Pressure (bar)
   -6.72843e-02   -2.10613e+01


DD  load balancing is limited by minimum cell size in dimension X
DD  step 209999  vol min/aver 0.743! load imb.: force 120.2%
           Step           Time
         210000      105.00000

   Energies (kJ/mol)
           Bond          Angle    Proper Dih.  Improper Dih.          LJ-14
    5.26519e+03    8.66760e+03    7.23628e+03    2.78639e+02    3.26778e+03
     Coulomb-14        LJ (SR)  Disper. corr.   Coulomb (SR)   Coul. recip.
   -5.50124e+04   -4.88908e+03   -9.68492e+00    6.68289e+03    7.41564e+02
      Potential    Kinetic En.   Total Energy  Conserved En.    Temperature
   -2.77713e+04    1.50103e+04   -1.27610e+04   -1.04188e+04    3.00211e+02
 Pres. DC (bar) Pressure (bar)
   -6.66959e-02   -1.61792e+01


DD  load balancing is limited by minimum cell size in dimension X
DD  step 214999  vol min/aver 0.742! load imb.: force 121.5%
           Step           Time
         215000      107.50000

   Energies (kJ/mol)
           Bond          Angle    Proper Dih.  Improper Dih.          LJ-14
    5.31906e+03    8.65566e+03    7.44343e+03    3.03431e+02    3.32165e+03
     Coulomb-14        LJ (SR)  Disper. corr.   Coulomb (SR)   Coul. recip.
   -5.50923e+04   -4.57488e+03   -9.64060e+00    6.49896e+03    7.66447e+02
      Potential    Kinetic En.   Total Energy  Conserved En.    Temperature
   -2.73682e+04    1.52202e+04   -1.21480e+04   -1.04161e+04    3.04409e+02
 Pres. DC (bar) Pressure (bar)
   -6.61068e-02   -2.05598e+01


DD  load balancing is limited by minimum cell size in dimension X
DD  step 219999  vol min/aver 0.741! load imb.: force 129.7%
           Step           Time
         220000      110.00000

   Energies (kJ/mol)
           Bond          Angle    Proper Dih.  Improper Dih.          LJ-14
    5.11245e+03    8.80977e+03    7.26526e+03    2.74583e+02    3.33661e+03
     Coulomb-14        LJ (SR)  Disper. corr.   Coulomb (SR)   Coul. recip.
   -5.49025e+04   -4.66008e+03   -9.59621e+00    6.45348e+03    7.21474e+02
      Potential    Kinetic En.   Total Energy  Conserved En.    Temperature
   -2.75985e+04    1.47395e+04   -1.28591e+04   -1.04191e+04    2.94795e+02
 Pres. DC (bar) Pressure (bar)
   -6.55196e-02    1.33491e+01


DD  load balancing is limited by minimum cell size in dimension X
DD  step 224999  vol min/aver 0.740! load imb.: force 119.8%
           Step           Time
         225000      112.50000

   Energies (kJ/mol)
           Bond          Angle    Proper Dih.  Improper Dih.          LJ-14
    5.24301e+03    8.87883e+03    7.40491e+03    3.24195e+02    3.34280e+03
     Coulomb-14        LJ (SR)  Disper. corr.   Coulomb (SR)   Coul. recip.
   -5.49659e+04   -4.69285e+03   -9.55202e+00    6.21807e+03    7.25416e+02
      Potential    Kinetic En.   Total Energy  Conserved En.    Temperature
   -2.75311e+04    1.49422e+04   -1.25889e+04   -1.04202e+04    2.98850e+02
 Pres. DC (bar) Pressure (bar)
   -6.49376e-02   -1.68096e+01


DD  load balancing is limited by minimum cell size in dimension X
DD  step 229999  vol min/aver 0.738! load imb.: force 119.3%
           Step           Time
         230000      115.00000

   Energies (kJ/mol)
           Bond          Angle    Proper Dih.  Improper Dih.          LJ-14
    5.24178e+03    9.07023e+03    7.42866e+03    3.00925e+02    3.38788e+03
     Coulomb-14        LJ (SR)  Disper. corr.   Coulomb (SR)   Coul. recip.
   -5.46671e+04   -4.81433e+03   -9.50785e+00    6.07974e+03    7.18754e+02
      Potential    Kinetic En.   Total Energy  Conserved En.    Temperature
   -2.72630e+04    1.47848e+04   -1.24782e+04   -1.04137e+04    2.95701e+02
 Pres. DC (bar) Pressure (bar)
   -6.43583e-02   -7.82456e-01


DD  load balancing is limited by minimum cell size in dimension X
DD  step 234999  vol min/aver 0.737! load imb.: force 131.7%
           Step           Time
         235000      117.50000

   Energies (kJ/mol)
           Bond          Angle    Proper Dih.  Improper Dih.          LJ-14
    5.02701e+03    8.70079e+03    7.46955e+03    3.15363e+02    3.29550e+03
     Coulomb-14        LJ (SR)  Disper. corr.   Coulomb (SR)   Coul. recip.
   -5.48511e+04   -4.80122e+03   -9.46354e+00    6.16347e+03    7.20208e+02
      Potential    Kinetic En.   Total Energy  Conserved En.    Temperature
   -2.79698e+04    1.49981e+04   -1.29718e+04   -1.04236e+04    2.99967e+02
 Pres. DC (bar) Pressure (bar)
   -6.37800e-02   -1.97663e-01


DD  load balancing is limited by minimum cell size in dimension X
DD  step 239999  vol min/aver 0.736! load imb.: force 128.2%
           Step           Time
         240000      120.00000

   Energies (kJ/mol)
           Bond          Angle    Proper Dih.  Improper Dih.          LJ-14
    5.37464e+03    8.85655e+03    7.34275e+03    2.75779e+02    3.40743e+03
     Coulomb-14        LJ (SR)  Disper. corr.   Coulomb (SR)   Coul. recip.
   -5.50290e+04   -4.69007e+03   -9.41869e+00    6.30258e+03    7.04501e+02
      Potential    Kinetic En.   Total Energy  Conserved En.    Temperature
   -2.74643e+04    1.51040e+04   -1.23603e+04   -1.04135e+04    3.02085e+02
 Pres. DC (bar) Pressure (bar)
   -6.31970e-02    1.75700e+01

Writing checkpoint, step 244600 at Wed May  8 04:44:33 2024



DD  load balancing is limited by minimum cell size in dimension X
DD  step 244999  vol min/aver 0.735! load imb.: force 132.0%
           Step           Time
         245000      122.50000

   Energies (kJ/mol)
           Bond          Angle    Proper Dih.  Improper Dih.          LJ-14
    5.10729e+03    8.77527e+03    7.52675e+03    2.91849e+02    3.34691e+03
     Coulomb-14        LJ (SR)  Disper. corr.   Coulomb (SR)   Coul. recip.
   -5.47878e+04   -4.98239e+03   -9.37464e+00    6.31302e+03    7.12819e+02
      Potential    Kinetic En.   Total Energy  Conserved En.    Temperature
   -2.77057e+04    1.48614e+04   -1.28443e+04   -1.04163e+04    2.97233e+02
 Pres. DC (bar) Pressure (bar)
   -6.26273e-02   -1.59081e+01


DD  load balancing is limited by minimum cell size in dimension X
DD  step 249999  vol min/aver 0.734! load imb.: force 121.8%
           Step           Time
         250000      125.00000

   Energies (kJ/mol)
           Bond          Angle    Proper Dih.  Improper Dih.          LJ-14
    5.02657e+03    8.98972e+03    7.22896e+03    2.82606e+02    3.40367e+03
     Coulomb-14        LJ (SR)  Disper. corr.   Coulomb (SR)   Coul. recip.
   -5.49404e+04   -4.87032e+03   -9.32964e+00    6.49272e+03    7.09915e+02
      Potential    Kinetic En.   Total Energy  Conserved En.    Temperature
   -2.76859e+04    1.48652e+04   -1.28207e+04   -1.04165e+04    2.97310e+02
 Pres. DC (bar) Pressure (bar)
   -6.20478e-02   -4.05309e+00


DD  load balancing is limited by minimum cell size in dimension X
DD  step 254999  vol min/aver 0.733! load imb.: force 121.8%
           Step           Time
         255000      127.50000

   Energies (kJ/mol)
           Bond          Angle    Proper Dih.  Improper Dih.          LJ-14
    5.26555e+03    8.93201e+03    7.38612e+03    3.00720e+02    3.44659e+03
     Coulomb-14        LJ (SR)  Disper. corr.   Coulomb (SR)   Coul. recip.
   -5.50412e+04   -4.70517e+03   -9.28508e+00    6.38330e+03    7.49396e+02
      Potential    Kinetic En.   Total Energy  Conserved En.    Temperature
   -2.72919e+04    1.47806e+04   -1.25113e+04   -1.04105e+04    2.95618e+02
 Pres. DC (bar) Pressure (bar)
   -6.14767e-02    1.40166e+01


DD  load balancing is limited by minimum cell size in dimension X
DD  step 259999  vol min/aver 0.732! load imb.: force 123.1%
           Step           Time
         260000      130.00000

   Energies (kJ/mol)
           Bond          Angle    Proper Dih.  Improper Dih.          LJ-14
    4.99130e+03    8.91454e+03    7.43574e+03    2.92008e+02    3.37980e+03
     Coulomb-14        LJ (SR)  Disper. corr.   Coulomb (SR)   Coul. recip.
   -5.49618e+04   -4.57532e+03   -9.24049e+00    6.12114e+03    7.48155e+02
      Potential    Kinetic En.   Total Energy  Conserved En.    Temperature
   -2.76637e+04    1.47703e+04   -1.28933e+04   -1.04148e+04    2.95413e+02
 Pres. DC (bar) Pressure (bar)
   -6.09078e-02    3.70934e+00


DD  load balancing is limited by minimum cell size in dimension X
DD  step 264999  vol min/aver 0.731! load imb.: force 129.1%
           Step           Time
         265000      132.50000

   Energies (kJ/mol)
           Bond          Angle    Proper Dih.  Improper Dih.          LJ-14
    5.07042e+03    9.07700e+03    7.43485e+03    3.00738e+02    3.47018e+03
     Coulomb-14        LJ (SR)  Disper. corr.   Coulomb (SR)   Coul. recip.
   -5.50107e+04   -4.75010e+03   -9.19545e+00    6.27730e+03    6.99014e+02
      Potential    Kinetic En.   Total Energy  Conserved En.    Temperature
   -2.74405e+04    1.46917e+04   -1.27489e+04   -1.04132e+04    2.93839e+02
 Pres. DC (bar) Pressure (bar)
   -6.03359e-02    2.78857e+01


DD  load balancing is limited by minimum cell size in dimension X
DD  step 269999  vol min/aver 0.729! load imb.: force 125.2%
           Step           Time
         270000      135.00000

   Energies (kJ/mol)
           Bond          Angle    Proper Dih.  Improper Dih.          LJ-14
    5.06312e+03    8.95629e+03    7.44370e+03    3.04339e+02    3.42600e+03
     Coulomb-14        LJ (SR)  Disper. corr.   Coulomb (SR)   Coul. recip.
   -5.49369e+04   -4.71584e+03   -9.15062e+00    6.15437e+03    7.09848e+02
      Potential    Kinetic En.   Total Energy  Conserved En.    Temperature
   -2.76042e+04    1.49047e+04   -1.26995e+04   -1.04187e+04    2.98099e+02
 Pres. DC (bar) Pressure (bar)
   -5.97693e-02   -7.11061e-01


DD  load balancing is limited by minimum cell size in dimension X
DD  step 274999  vol min/aver 0.728! load imb.: force 119.7%
           Step           Time
         275000      137.50000

   Energies (kJ/mol)
           Bond          Angle    Proper Dih.  Improper Dih.          LJ-14
    5.35310e+03    8.61727e+03    7.30352e+03    3.11174e+02    3.41575e+03
     Coulomb-14        LJ (SR)  Disper. corr.   Coulomb (SR)   Coul. recip.
   -5.48471e+04   -4.89396e+03   -9.10581e+00    6.27157e+03    7.30822e+02
      Potential    Kinetic En.   Total Energy  Conserved En.    Temperature
   -2.77469e+04    1.47959e+04   -1.29511e+04   -1.04150e+04    2.95923e+02
 Pres. DC (bar) Pressure (bar)
   -5.92057e-02    9.48146e+00


DD  load balancing is limited by minimum cell size in dimension X
DD  step 279999  vol min/aver 0.727! load imb.: force 117.0%
           Step           Time
         280000      140.00000

   Energies (kJ/mol)
           Bond          Angle    Proper Dih.  Improper Dih.          LJ-14
    5.22789e+03    8.84485e+03    7.33738e+03    3.06488e+02    3.36463e+03
     Coulomb-14        LJ (SR)  Disper. corr.   Coulomb (SR)   Coul. recip.
   -5.49101e+04   -4.80503e+03   -9.06147e+00    6.24014e+03    6.92661e+02
      Potential    Kinetic En.   Total Energy  Conserved En.    Temperature
   -2.77101e+04    1.51888e+04   -1.25213e+04   -1.04121e+04    3.03782e+02
 Pres. DC (bar) Pressure (bar)
   -5.86505e-02    1.01325e+00


DD  load balancing is limited by minimum cell size in dimension X
DD  step 284999  vol min/aver 0.726! load imb.: force 124.5%
           Step           Time
         285000      142.50000

   Energies (kJ/mol)
           Bond          Angle    Proper Dih.  Improper Dih.          LJ-14
    5.24415e+03    8.64454e+03    7.33025e+03    2.96734e+02    3.45419e+03
     Coulomb-14        LJ (SR)  Disper. corr.   Coulomb (SR)   Coul. recip.
   -5.51852e+04   -4.73697e+03   -9.01711e+00    6.36587e+03    6.81433e+02
      Potential    Kinetic En.   Total Energy  Conserved En.    Temperature
   -2.79140e+04    1.49156e+04   -1.29984e+04   -1.04095e+04    2.98318e+02
 Pres. DC (bar) Pressure (bar)
   -5.80978e-02    5.30528e+00


DD  load balancing is limited by minimum cell size in dimension X
DD  step 289999  vol min/aver 0.725! load imb.: force 126.6%
           Step           Time
         290000      145.00000

   Energies (kJ/mol)
           Bond          Angle    Proper Dih.  Improper Dih.          LJ-14
    5.13326e+03    8.82488e+03    7.52407e+03    2.75340e+02    3.43398e+03
     Coulomb-14        LJ (SR)  Disper. corr.   Coulomb (SR)   Coul. recip.
   -5.51327e+04   -4.97376e+03   -8.97262e+00    6.66432e+03    7.06670e+02
      Potential    Kinetic En.   Total Energy  Conserved En.    Temperature
   -2.75529e+04    1.50431e+04   -1.25098e+04   -1.04130e+04    3.00867e+02
 Pres. DC (bar) Pressure (bar)
   -5.75460e-02    1.90570e+01


DD  load balancing is limited by minimum cell size in dimension X
DD  step 294999  vol min/aver 0.724! load imb.: force 122.5%
           Step           Time
         295000      147.50000

   Energies (kJ/mol)
           Bond          Angle    Proper Dih.  Improper Dih.          LJ-14
    5.04786e+03    8.77546e+03    7.54486e+03    3.01869e+02    3.41120e+03
     Coulomb-14        LJ (SR)  Disper. corr.   Coulomb (SR)   Coul. recip.
   -5.49429e+04   -4.86054e+03   -8.92868e+00    6.31234e+03    7.06326e+02
      Potential    Kinetic En.   Total Energy  Conserved En.    Temperature
   -2.77124e+04    1.49237e+04   -1.27888e+04   -1.04147e+04    2.98479e+02
 Pres. DC (bar) Pressure (bar)
   -5.70037e-02   -1.59241e+01


DD  load balancing is limited by minimum cell size in dimension X
DD  step 299999  vol min/aver 0.722! load imb.: force 123.6%
           Step           Time
         300000      150.00000

   Energies (kJ/mol)
           Bond          Angle    Proper Dih.  Improper Dih.          LJ-14
    5.19067e+03    8.94484e+03    7.35061e+03    3.06992e+02    3.40702e+03
     Coulomb-14        LJ (SR)  Disper. corr.   Coulomb (SR)   Coul. recip.
   -5.49412e+04   -4.71440e+03   -8.88460e+00    6.16830e+03    6.87965e+02
      Potential    Kinetic En.   Total Energy  Conserved En.    Temperature
   -2.76081e+04    1.49584e+04   -1.26498e+04   -1.04151e+04    2.99173e+02
 Pres. DC (bar) Pressure (bar)
   -5.64622e-02    1.03454e+01


DD  load balancing is limited by minimum cell size in dimension X
DD  step 304999  vol min/aver 0.721! load imb.: force 125.0%
           Step           Time
         305000      152.50000

   Energies (kJ/mol)
           Bond          Angle    Proper Dih.  Improper Dih.          LJ-14
    5.07636e+03    8.99366e+03    7.46820e+03    3.28583e+02    3.34231e+03
     Coulomb-14        LJ (SR)  Disper. corr.   Coulomb (SR)   Coul. recip.
   -5.49260e+04   -4.83610e+03   -8.84070e+00    6.15502e+03    7.25682e+02
      Potential    Kinetic En.   Total Energy  Conserved En.    Temperature
   -2.76811e+04    1.48041e+04   -1.28770e+04   -1.04142e+04    2.96089e+02
 Pres. DC (bar) Pressure (bar)
   -5.59256e-02    2.20265e+01


DD  load balancing is limited by minimum cell size in dimension X
DD  step 309999  vol min/aver 0.720! load imb.: force 128.6%
           Step           Time
         310000      155.00000

   Energies (kJ/mol)
           Bond          Angle    Proper Dih.  Improper Dih.          LJ-14
    5.23712e+03    8.89826e+03    7.47501e+03    2.93936e+02    3.32814e+03
     Coulomb-14        LJ (SR)  Disper. corr.   Coulomb (SR)   Coul. recip.
   -5.49982e+04   -4.86226e+03   -8.79737e+00    6.33732e+03    6.95663e+02
      Potential    Kinetic En.   Total Energy  Conserved En.    Temperature
   -2.76038e+04    1.48975e+04   -1.27063e+04   -1.04173e+04    2.97956e+02
 Pres. DC (bar) Pressure (bar)
   -5.53983e-02    6.04322e+00


DD  load balancing is limited by minimum cell size in dimension X
DD  step 314999  vol min/aver 0.719! load imb.: force 145.3%
           Step           Time
         315000      157.50000

   Energies (kJ/mol)
           Bond          Angle    Proper Dih.  Improper Dih.          LJ-14
    5.22674e+03    8.62587e+03    7.36761e+03    3.10143e+02    3.28722e+03
     Coulomb-14        LJ (SR)  Disper. corr.   Coulomb (SR)   Coul. recip.
   -5.49087e+04   -4.69833e+03   -8.75395e+00    6.17852e+03    7.04490e+02
      Potential    Kinetic En.   Total Energy  Conserved En.    Temperature
   -2.79151e+04    1.50645e+04   -1.28506e+04   -1.04180e+04    3.01297e+02
 Pres. DC (bar) Pressure (bar)
   -5.48725e-02    3.14015e+00


DD  load balancing is limited by minimum cell size in dimension X
DD  step 319999  vol min/aver 0.718! load imb.: force 126.0%
           Step           Time
         320000      160.00000

   Energies (kJ/mol)
           Bond          Angle    Proper Dih.  Improper Dih.          LJ-14
    4.94022e+03    8.95508e+03    7.42745e+03    2.73591e+02    3.34989e+03
     Coulomb-14        LJ (SR)  Disper. corr.   Coulomb (SR)   Coul. recip.
   -5.52090e+04   -4.93510e+03   -8.71061e+00    6.57414e+03    7.07201e+02
      Potential    Kinetic En.   Total Energy  Conserved En.    Temperature
   -2.79252e+04    1.48275e+04   -1.30977e+04   -1.04170e+04    2.96557e+02
 Pres. DC (bar) Pressure (bar)
   -5.43502e-02    4.81231e+00


DD  load balancing is limited by minimum cell size in dimension X
DD  step 324999  vol min/aver 0.717! load imb.: force 135.3%
           Step           Time
         325000      162.50000

   Energies (kJ/mol)
           Bond          Angle    Proper Dih.  Improper Dih.          LJ-14
    5.20519e+03    8.57138e+03    7.30361e+03    3.20718e+02    3.36652e+03
     Coulomb-14        LJ (SR)  Disper. corr.   Coulomb (SR)   Coul. recip.
   -5.50268e+04   -4.89886e+03   -8.66739e+00    6.28656e+03    6.75075e+02
      Potential    Kinetic En.   Total Energy  Conserved En.    Temperature
   -2.82052e+04    1.50767e+04   -1.31286e+04   -1.04190e+04    3.01540e+02
 Pres. DC (bar) Pressure (bar)
   -5.38317e-02   -6.33585e+00

