                :-) GROMACS - gmx mdrun, 2021.4-plumed-2.8.0 (-:

                            GROMACS is written by:
     Andrey Alekseenko              Emile Apol              Rossen Apostolov     
         Paul Bauer           Herman J.C. Berendsen           Par Bjelkmar       
       Christian Blau           Viacheslav Bolnykh             Kevin Boyd        
     Aldert van Buuren           Rudi van Drunen             Anton Feenstra      
    Gilles Gouaillardet             Alan Gray               Gerrit Groenhof      
       Anca Hamuraru            Vincent Hindriksen          M. Eric Irrgang      
      Aleksei Iupinov           Christoph Junghans             Joe Jordan        
    Dimitrios Karkoulis            Peter Kasson                Jiri Kraus        
      Carsten Kutzner              Per Larsson              Justin A. Lemkul     
       Viveca Lindahl            Magnus Lundborg             Erik Marklund       
        Pascal Merz             Pieter Meulenhoff            Teemu Murtola       
        Szilard Pall               Sander Pronk              Roland Schulz       
       Michael Shirts            Alexey Shvetsov             Alfons Sijbers      
       Peter Tieleman              Jon Vincent              Teemu Virolainen     
     Christian Wennberg            Maarten Wolf              Artem Zhmurov       
                           and the project leaders:
        Mark Abraham, Berk Hess, Erik Lindahl, and David van der Spoel

Copyright (c) 1991-2000, University of Groningen, The Netherlands.
Copyright (c) 2001-2019, The GROMACS development team at
Uppsala University, Stockholm University and
the Royal Institute of Technology, Sweden.
check out http://www.gromacs.org for more information.

GROMACS is free software; you can redistribute it and/or modify it
under the terms of the GNU Lesser General Public License
as published by the Free Software Foundation; either version 2.1
of the License, or (at your option) any later version.

GROMACS:      gmx mdrun, version 2021.4-plumed-2.8.0
Executable:   /nfs/apps/Gromacs/2021.4/gnu/8.2.0/openmpi/3.1.6/plumed/2.8.0/bin/gmx_mpi
Data prefix:  /nfs/apps/Gromacs/2021.4/gnu/8.2.0/openmpi/3.1.6/plumed/2.8.0
Working dir:  /.nfs/home/5/tiwaris/Gromacs_Simulation_Non_Bio_Guide/1_beginner_tutorial_taea_amine/gromacs_simulation/equil_sim
Process ID:   40189
Command line:
  gmx_mpi mdrun -deffnm nvt

GROMACS version:    2021.4-plumed-2.8.0
Precision:          mixed
Memory model:       64 bit
MPI library:        MPI
OpenMP support:     enabled (GMX_OPENMP_MAX_THREADS = 64)
GPU support:        disabled
SIMD instructions:  AVX2_256
FFT library:        fftw-3.3.8-avx512
RDTSCP usage:       enabled
TNG support:        enabled
Hwloc support:      disabled
Tracing support:    disabled
C compiler:         /nfs/apps/Compilers/GNU/8.2.0/bin/gcc GNU 8.2.0
C compiler flags:   -mavx2 -mfma -pthread -Wno-missing-field-initializers -fexcess-precision=fast -funroll-all-loops -O3 -DNDEBUG
C++ compiler:       /nfs/apps/Compilers/GNU/8.2.0/bin/c++ GNU 8.2.0
C++ compiler flags: -mavx2 -mfma -pthread -Wno-missing-field-initializers -fexcess-precision=fast -funroll-all-loops -fopenmp -O3 -DNDEBUG


Running on 1 node with total 40 cores, 40 logical cores
Hardware detected on host login05.super (the node of MPI rank 0):
  CPU info:
    Vendor: Intel
    Brand:  Intel(R) Xeon(R) Gold 6148 CPU @ 2.40GHz
    Family: 6   Model: 85   Stepping: 4
    Features: aes apic avx avx2 avx512f avx512cd avx512bw avx512vl avx512secondFMA clfsh cmov cx8 cx16 f16c fma hle htt intel lahf mmx msr nonstop_tsc pcid pclmuldq pdcm pdpe1gb popcnt pse rdrnd rdtscp rtm sse2 sse3 sse4.1 sse4.2 ssse3 tdt x2apic
    Number of AVX-512 FMA units: 2
  Hardware topology: Basic
    Sockets, cores, and logical processors:
      Socket  0: [   0] [   1] [   2] [   3] [   4] [   5] [   6] [   7] [   8] [   9] [  10] [  11] [  12] [  13] [  14] [  15] [  16] [  17] [  18] [  19]
      Socket  1: [  20] [  21] [  22] [  23] [  24] [  25] [  26] [  27] [  28] [  29] [  30] [  31] [  32] [  33] [  34] [  35] [  36] [  37] [  38] [  39]

Highest SIMD level supported by all nodes in run: AVX_512
SIMD instructions selected at compile time:       AVX2_256
This program was compiled for different hardware than you are running on,
which could influence performance. This build might have been configured on a
login node with only a single AVX-512 FMA unit (in which case AVX2 is faster),
while the node you are running on has dual AVX-512 FMA units.

++++ PLEASE READ AND CITE THE FOLLOWING REFERENCE ++++
M. J. Abraham, T. Murtola, R. Schulz, S. Páll, J. C. Smith, B. Hess, E.
Lindahl
GROMACS: High performance molecular simulations through multi-level
parallelism from laptops to supercomputers
SoftwareX 1 (2015) pp. 19-25
-------- -------- --- Thank You --- -------- --------


++++ PLEASE READ AND CITE THE FOLLOWING REFERENCE ++++
S. Páll, M. J. Abraham, C. Kutzner, B. Hess, E. Lindahl
Tackling Exascale Software Challenges in Molecular Dynamics Simulations with
GROMACS
In S. Markidis & E. Laure (Eds.), Solving Software Challenges for Exascale 8759 (2015) pp. 3-27
-------- -------- --- Thank You --- -------- --------


++++ PLEASE READ AND CITE THE FOLLOWING REFERENCE ++++
S. Pronk, S. Páll, R. Schulz, P. Larsson, P. Bjelkmar, R. Apostolov, M. R.
Shirts, J. C. Smith, P. M. Kasson, D. van der Spoel, B. Hess, and E. Lindahl
GROMACS 4.5: a high-throughput and highly parallel open source molecular
simulation toolkit
Bioinformatics 29 (2013) pp. 845-54
-------- -------- --- Thank You --- -------- --------


++++ PLEASE READ AND CITE THE FOLLOWING REFERENCE ++++
B. Hess and C. Kutzner and D. van der Spoel and E. Lindahl
GROMACS 4: Algorithms for highly efficient, load-balanced, and scalable
molecular simulation
J. Chem. Theory Comput. 4 (2008) pp. 435-447
-------- -------- --- Thank You --- -------- --------


++++ PLEASE READ AND CITE THE FOLLOWING REFERENCE ++++
D. van der Spoel, E. Lindahl, B. Hess, G. Groenhof, A. E. Mark and H. J. C.
Berendsen
GROMACS: Fast, Flexible and Free
J. Comp. Chem. 26 (2005) pp. 1701-1719
-------- -------- --- Thank You --- -------- --------


++++ PLEASE READ AND CITE THE FOLLOWING REFERENCE ++++
E. Lindahl and B. Hess and D. van der Spoel
GROMACS 3.0: A package for molecular simulation and trajectory analysis
J. Mol. Mod. 7 (2001) pp. 306-317
-------- -------- --- Thank You --- -------- --------


++++ PLEASE READ AND CITE THE FOLLOWING REFERENCE ++++
H. J. C. Berendsen, D. van der Spoel and R. van Drunen
GROMACS: A message-passing parallel molecular dynamics implementation
Comp. Phys. Comm. 91 (1995) pp. 43-56
-------- -------- --- Thank You --- -------- --------


The number of OpenMP threads was set by environment variable OMP_NUM_THREADS to 1

Input Parameters:
   integrator                     = md
   tinit                          = 0
   dt                             = 0.0005
   nsteps                         = 300000
   init-step                      = 0
   simulation-part                = 1
   mts                            = false
   comm-mode                      = Linear
   nstcomm                        = 100
   bd-fric                        = 0
   ld-seed                        = -589315074
   emtol                          = 10
   emstep                         = 0.01
   niter                          = 20
   fcstep                         = 0
   nstcgsteep                     = 1000
   nbfgscorr                      = 10
   rtpi                           = 0.05
   nstxout                        = 500
   nstvout                        = 5000
   nstfout                        = 0
   nstlog                         = 500
   nstcalcenergy                  = 100
   nstenergy                      = 50000
   nstxout-compressed             = 0
   compressed-x-precision         = 1000
   cutoff-scheme                  = Verlet
   nstlist                        = 10
   pbc                            = xyz
   periodic-molecules             = false
   verlet-buffer-tolerance        = 0.005
   rlist                          = 1.1
   coulombtype                    = PME-Switch
   coulomb-modifier               = Potential-shift
   rcoulomb-switch                = 1.045
   rcoulomb                       = 1.1
   epsilon-r                      = 1
   epsilon-rf                     = inf
   vdw-type                       = Cut-off
   vdw-modifier                   = Potential-shift
   rvdw-switch                    = 0
   rvdw                           = 1.1
   DispCorr                       = EnerPres
   table-extension                = 1
   fourierspacing                 = 0.12
   fourier-nx                     = 42
   fourier-ny                     = 42
   fourier-nz                     = 42
   pme-order                      = 6
   ewald-rtol                     = 1e-05
   ewald-rtol-lj                  = 0.001
   lj-pme-comb-rule               = Geometric
   ewald-geometry                 = 0
   epsilon-surface                = 0
   tcoupl                         = V-rescale
   nsttcouple                     = 10
   nh-chain-length                = 0
   print-nose-hoover-chain-variables = false
   pcoupl                         = No
   pcoupltype                     = Isotropic
   nstpcouple                     = -1
   tau-p                          = 1
   compressibility (3x3):
      compressibility[    0]={ 0.00000e+00,  0.00000e+00,  0.00000e+00}
      compressibility[    1]={ 0.00000e+00,  0.00000e+00,  0.00000e+00}
      compressibility[    2]={ 0.00000e+00,  0.00000e+00,  0.00000e+00}
   ref-p (3x3):
      ref-p[    0]={ 0.00000e+00,  0.00000e+00,  0.00000e+00}
      ref-p[    1]={ 0.00000e+00,  0.00000e+00,  0.00000e+00}
      ref-p[    2]={ 0.00000e+00,  0.00000e+00,  0.00000e+00}
   refcoord-scaling               = No
   posres-com (3):
      posres-com[0]= 0.00000e+00
      posres-com[1]= 0.00000e+00
      posres-com[2]= 0.00000e+00
   posres-comB (3):
      posres-comB[0]= 0.00000e+00
      posres-comB[1]= 0.00000e+00
      posres-comB[2]= 0.00000e+00
   QMMM                           = false
qm-opts:
   ngQM                           = 0
   constraint-algorithm           = Lincs
   continuation                   = false
   Shake-SOR                      = false
   shake-tol                      = 0.0001
   lincs-order                    = 4
   lincs-iter                     = 1
   lincs-warnangle                = 30
   nwall                          = 0
   wall-type                      = 9-3
   wall-r-linpot                  = -1
   wall-atomtype[0]               = -1
   wall-atomtype[1]               = -1
   wall-density[0]                = 0
   wall-density[1]                = 0
   wall-ewald-zfac                = 3
   pull                           = false
   awh                            = false
   rotation                       = false
   interactiveMD                  = false
   disre                          = No
   disre-weighting                = Conservative
   disre-mixed                    = false
   dr-fc                          = 1000
   dr-tau                         = 0
   nstdisreout                    = 100
   orire-fc                       = 0
   orire-tau                      = 0
   nstorireout                    = 100
   free-energy                    = no
   cos-acceleration               = 0
   deform (3x3):
      deform[    0]={ 0.00000e+00,  0.00000e+00,  0.00000e+00}
      deform[    1]={ 0.00000e+00,  0.00000e+00,  0.00000e+00}
      deform[    2]={ 0.00000e+00,  0.00000e+00,  0.00000e+00}
   simulated-tempering            = false
   swapcoords                     = no
   userint1                       = 0
   userint2                       = 0
   userint3                       = 0
   userint4                       = 0
   userreal1                      = 0
   userreal2                      = 0
   userreal3                      = 0
   userreal4                      = 0
   applied-forces:
     electric-field:
       x:
         E0                       = 0
         omega                    = 0
         t0                       = 0
         sigma                    = 0
       y:
         E0                       = 0
         omega                    = 0
         t0                       = 0
         sigma                    = 0
       z:
         E0                       = 0
         omega                    = 0
         t0                       = 0
         sigma                    = 0
     density-guided-simulation:
       active                     = false
       group                      = protein
       similarity-measure         = inner-product
       atom-spreading-weight      = unity
       force-constant             = 1e+09
       gaussian-transform-spreading-width = 0.2
       gaussian-transform-spreading-range-in-multiples-of-width = 4
       reference-density-filename = reference.mrc
       nst                        = 1
       normalize-densities        = true
       adaptive-force-scaling     = false
       adaptive-force-scaling-time-constant = 4
       shift-vector               = 
       transformation-matrix      = 
grpopts:
   nrdf:       11597
   ref-t:      798.15
   tau-t:         0.5
annealing:          No
annealing-npoints:           0
   acc:	           0           0           0
   nfreeze:           N           N           N
   energygrp-flags[  0]: 0

Changing nstlist from 10 to 100, rlist from 1.1 to 1.179


Initializing Domain Decomposition on 16 ranks
Dynamic load balancing: auto
Using update groups, nr 2800, average size 1.8 atoms, max. radius 0.084 nm
Minimum cell size due to atom displacement: 0.800 nm
Initial maximum distances in bonded interactions:
    two-body bonded interactions: 0.394 nm, LJ-14, atoms 510 512
  multi-body bonded interactions: 0.394 nm, Proper Dih., atoms 510 512
Minimum cell size due to bonded interactions: 0.433 nm
Scaling the initial minimum size with 1/0.8 (option -dds) = 1.25
Using 0 separate PME ranks, as there are too few total
 ranks for efficient splitting
Optimizing the DD grid for 16 cells with a minimum initial size of 1.000 nm
The maximum allowed number of cells is: X 5 Y 5 Z 5
Domain decomposition grid 4 x 4 x 1, separate PME ranks 0
PME domain decomposition: 4 x 4 x 1
Domain decomposition rank 0, coordinates 0 0 0

The initial number of communication pulses is: X 2 Y 2
The initial domain decomposition cell size is: X 1.25 nm Y 1.25 nm

The maximum allowed distance for atom groups involved in interactions is:
                 non-bonded interactions           1.347 nm
            two-body bonded interactions  (-rdd)   1.347 nm
          multi-body bonded interactions  (-rdd)   1.250 nm

When dynamic load balancing gets turned on, these settings will change to:
The maximum number of communication pulses is: X 2 Y 2
The minimum size for domain decomposition cells is 0.842 nm
The requested allowed shrink of DD cells (option -dds) is: 0.80
The allowed shrink of domain decomposition cells is: X 0.67 Y 0.67
The maximum allowed distance for atom groups involved in interactions is:
                 non-bonded interactions           1.347 nm
            two-body bonded interactions  (-rdd)   1.347 nm
          multi-body bonded interactions  (-rdd)   0.842 nm

Using 16 MPI processes

Non-default thread affinity set, disabling internal thread affinity

Using 1 OpenMP thread per MPI process

System total charge: 0.000
Will do PME sum in reciprocal space for electrostatic interactions.

++++ PLEASE READ AND CITE THE FOLLOWING REFERENCE ++++
U. Essmann, L. Perera, M. L. Berkowitz, T. Darden, H. Lee and L. G. Pedersen 
A smooth particle mesh Ewald method
J. Chem. Phys. 103 (1995) pp. 8577-8592
-------- -------- --- Thank You --- -------- --------

Using a Gaussian width (1/beta) of 0.352179 nm for Ewald
Potential shift: LJ r^-12: -3.186e-01 r^-6: -5.645e-01, Ewald -9.091e-06
Initialized non-bonded Ewald tables, spacing: 9.79e-04 size: 1126

Generated table with 1089 data points for 1-4 COUL.
Tabscale = 500 points/nm
Generated table with 1089 data points for 1-4 LJ6.
Tabscale = 500 points/nm
Generated table with 1089 data points for 1-4 LJ12.
Tabscale = 500 points/nm
Long Range LJ corr.: <C6> 3.9737e-04


Using SIMD 4x8 nonbonded short-range kernels

Using a dual 4x8 pair-list setup updated with dynamic pruning:
  outer list: updated every 100 steps, buffer 0.079 nm, rlist 1.179 nm
  inner list: updated every  39 steps, buffer 0.001 nm, rlist 1.101 nm
At tolerance 0.005 kJ/mol/ps per atom, equivalent classical 1x1 list would be:
  outer list: updated every 100 steps, buffer 0.212 nm, rlist 1.312 nm
  inner list: updated every  39 steps, buffer 0.061 nm, rlist 1.161 nm

Using Lorentz-Berthelot Lennard-Jones combination rule
Removing pbc first time

Initializing LINear Constraint Solver

++++ PLEASE READ AND CITE THE FOLLOWING REFERENCE ++++
B. Hess and H. Bekker and H. J. C. Berendsen and J. G. E. M. Fraaije
LINCS: A Linear Constraint Solver for molecular simulations
J. Comp. Chem. 18 (1997) pp. 1463-1472
-------- -------- --- Thank You --- -------- --------

The number of constraints is 100

++++ PLEASE READ AND CITE THE FOLLOWING REFERENCE ++++
S. Miyamoto and P. A. Kollman
SETTLE: An Analytical Version of the SHAKE and RATTLE Algorithms for Rigid
Water Models
J. Comp. Chem. 13 (1992) pp. 952-962
-------- -------- --- Thank You --- -------- --------


Linking all bonded interactions to atoms


Intra-simulation communication will occur every 10 steps.

++++ PLEASE READ AND CITE THE FOLLOWING REFERENCE ++++
G. Bussi, D. Donadio and M. Parrinello
Canonical sampling through velocity rescaling
J. Chem. Phys. 126 (2007) pp. 014101
-------- -------- --- Thank You --- -------- --------

There are: 4900 Atoms
There are: 100 VSites
Atom distribution over 16 domains: av 312 stddev 40 min 264 max 385

Constraining the starting coordinates (step 0)

Constraining the coordinates at t0-dt (step 0)
Center of mass motion removal mode is Linear
We have the following groups for center of mass motion removal:
  0:  rest
RMS relative constraint deviation after constraining: 5.19e-07
Initial temperature: 298.872 K

Started mdrun on rank 0 Tue Jan 30 12:24:29 2024

           Step           Time
              0        0.00000

   Energies (kJ/mol)
           Bond          Angle    Proper Dih.          LJ-14     Coulomb-14
    4.21779e+02    5.36748e+02    6.14220e+02    3.12866e+02    4.87589e+04
        LJ (SR)  Disper. corr.   Coulomb (SR)   Coul. recip.      Potential
    8.26614e+03   -2.49554e+02   -8.06641e+04    1.22540e+03   -2.07775e+04
    Kinetic En.   Total Energy  Conserved En.    Temperature Pres. DC (bar)
    1.44073e+04   -6.37020e+03   -6.37020e+03    2.98837e+02   -3.32260e+01
 Pressure (bar)   Constr. rmsd
    2.26345e+02    1.26884e-06


DD  step 99 load imb.: force 16.7%

step 200 Turning on dynamic load balancing, because the performance loss due to load imbalance is 3.4 %.

DD  step 499  vol min/aver 0.842  load imb.: force 19.0%
           Step           Time
            500        0.25000

   Energies (kJ/mol)
           Bond          Angle    Proper Dih.          LJ-14     Coulomb-14
    2.16812e+03    2.73430e+03    1.07724e+03    3.95641e+02    4.90854e+04
        LJ (SR)  Disper. corr.   Coulomb (SR)   Coul. recip.      Potential
    5.52499e+03   -2.49554e+02   -7.28201e+04    1.33867e+03   -1.07453e+04
    Kinetic En.   Total Energy  Conserved En.    Temperature Pres. DC (bar)
    1.68053e+04    6.05996e+03   -6.34059e+03    3.48575e+02   -3.32260e+01
 Pressure (bar)   Constr. rmsd
   -6.47529e+02    1.35866e-06


DD  load balancing is limited by minimum cell size in dimension Y
DD  step 999  vol min/aver 0.712! load imb.: force  7.1%
           Step           Time
           1000        0.50000

   Energies (kJ/mol)
           Bond          Angle    Proper Dih.          LJ-14     Coulomb-14
    2.77787e+03    3.23920e+03    1.20184e+03    4.28491e+02    4.93778e+04
        LJ (SR)  Disper. corr.   Coulomb (SR)   Coul. recip.      Potential
    4.34719e+03   -2.49554e+02   -6.92805e+04    1.37432e+03   -6.78331e+03
    Kinetic En.   Total Energy  Conserved En.    Temperature Pres. DC (bar)
    2.17471e+04    1.49638e+04   -6.33493e+03    4.51078e+02   -3.32260e+01
 Pressure (bar)   Constr. rmsd
   -7.06630e+02    1.21652e-06


DD  load balancing is limited by minimum cell size in dimension Y
DD  step 1499  vol min/aver 0.647! load imb.: force  6.0%
           Step           Time
           1500        0.75000

   Energies (kJ/mol)
           Bond          Angle    Proper Dih.          LJ-14     Coulomb-14
    2.75197e+03    3.80865e+03    1.34992e+03    5.02524e+02    5.00570e+04
        LJ (SR)  Disper. corr.   Coulomb (SR)   Coul. recip.      Potential
    3.41933e+03   -2.49554e+02   -6.61858e+04    1.38896e+03   -3.15703e+03
    Kinetic En.   Total Energy  Conserved En.    Temperature Pres. DC (bar)
    2.56509e+04    2.24939e+04   -6.34371e+03    5.32050e+02   -3.32260e+01
 Pressure (bar)   Constr. rmsd
    1.07484e+02    1.25096e-06


DD  load balancing is limited by minimum cell size in dimension Y
DD  step 1999  vol min/aver 0.571! load imb.: force 10.9%
           Step           Time
           2000        1.00000

   Energies (kJ/mol)
           Bond          Angle    Proper Dih.          LJ-14     Coulomb-14
    3.13898e+03    4.24321e+03    1.63226e+03    5.10742e+02    5.09401e+04
        LJ (SR)  Disper. corr.   Coulomb (SR)   Coul. recip.      Potential
    2.94772e+03   -2.49554e+02   -6.46484e+04    1.59675e+03    1.11734e+02
    Kinetic En.   Total Energy  Conserved En.    Temperature Pres. DC (bar)
    2.87615e+04    2.88732e+04   -6.35173e+03    5.96570e+02   -3.32260e+01
 Pressure (bar)   Constr. rmsd
    7.90745e+02    1.10261e-06


DD  load balancing is limited by minimum cell size in dimension Y
DD  step 2499  vol min/aver 0.574! load imb.: force  4.1%
           Step           Time
           2500        1.25000

   Energies (kJ/mol)
           Bond          Angle    Proper Dih.          LJ-14     Coulomb-14
    3.33204e+03    4.77380e+03    1.64995e+03    4.86158e+02    5.13560e+04
        LJ (SR)  Disper. corr.   Coulomb (SR)   Coul. recip.      Potential
    2.65230e+03   -2.49554e+02   -6.24648e+04    1.58667e+03    3.12261e+03
    Kinetic En.   Total Energy  Conserved En.    Temperature Pres. DC (bar)
    2.98988e+04    3.30214e+04   -6.35114e+03    6.20159e+02   -3.32260e+01
 Pressure (bar)   Constr. rmsd
    5.95932e+02    1.46335e-06


DD  load balancing is limited by minimum cell size in dimension Y
DD  step 2999  vol min/aver 0.582! load imb.: force  5.1%
           Step           Time
           3000        1.50000

   Energies (kJ/mol)
           Bond          Angle    Proper Dih.          LJ-14     Coulomb-14
    3.82937e+03    5.07571e+03    1.76704e+03    5.29279e+02    5.19621e+04
        LJ (SR)  Disper. corr.   Coulomb (SR)   Coul. recip.      Potential
    2.13806e+03   -2.49554e+02   -6.13823e+04    1.65036e+03    5.32012e+03
    Kinetic En.   Total Energy  Conserved En.    Temperature Pres. DC (bar)
    3.12185e+04    3.65386e+04   -6.34287e+03    6.47533e+02   -3.32260e+01
 Pressure (bar)   Constr. rmsd
    1.46018e+02    1.14998e-06


DD  load balancing is limited by minimum cell size in dimension Y
DD  step 3499  vol min/aver 0.623! load imb.: force  6.6%
           Step           Time
           3500        1.75000

   Energies (kJ/mol)
           Bond          Angle    Proper Dih.          LJ-14     Coulomb-14
    3.71651e+03    5.46395e+03    1.92129e+03    5.66373e+02    5.26697e+04
        LJ (SR)  Disper. corr.   Coulomb (SR)   Coul. recip.      Potential
    1.92307e+03   -2.49554e+02   -6.09206e+04    1.66970e+03    6.76050e+03
    Kinetic En.   Total Energy  Conserved En.    Temperature Pres. DC (bar)
    3.27445e+04    3.95050e+04   -6.34886e+03    6.79185e+02   -3.32260e+01
 Pressure (bar)   Constr. rmsd
    3.38324e+02    1.26951e-06


DD  step 3999  vol min/aver 0.685  load imb.: force 10.6%
           Step           Time
           4000        2.00000

   Energies (kJ/mol)
           Bond          Angle    Proper Dih.          LJ-14     Coulomb-14
    4.20830e+03    5.68980e+03    1.97495e+03    5.07455e+02    5.31026e+04
        LJ (SR)  Disper. corr.   Coulomb (SR)   Coul. recip.      Potential
    1.61212e+03   -2.49554e+02   -6.04478e+04    1.67646e+03    8.07428e+03
    Kinetic En.   Total Energy  Conserved En.    Temperature Pres. DC (bar)
    3.38039e+04    4.18782e+04   -6.33998e+03    7.01160e+02   -3.32260e+01
 Pressure (bar)   Constr. rmsd
    5.21275e+02    1.35406e-06


DD  load balancing is limited by minimum cell size in dimension Y
DD  step 4499  vol min/aver 0.684! load imb.: force  6.0%
           Step           Time
           4500        2.25000

   Energies (kJ/mol)
           Bond          Angle    Proper Dih.          LJ-14     Coulomb-14
    3.96037e+03    5.90172e+03    1.95513e+03    5.81342e+02    5.38104e+04
        LJ (SR)  Disper. corr.   Coulomb (SR)   Coul. recip.      Potential
    1.70570e+03   -2.49554e+02   -6.04841e+04    1.71394e+03    8.89496e+03
    Kinetic En.   Total Energy  Conserved En.    Temperature Pres. DC (bar)
    3.47982e+04    4.36932e+04   -6.35035e+03    7.21784e+02   -3.32260e+01
 Pressure (bar)   Constr. rmsd
    9.98364e+02    1.41534e-06


DD  load balancing is limited by minimum cell size in dimension Y
DD  step 4999  vol min/aver 0.694! load imb.: force  4.6%
           Step           Time
           5000        2.50000

   Energies (kJ/mol)
           Bond          Angle    Proper Dih.          LJ-14     Coulomb-14
    3.99437e+03    6.13277e+03    1.99495e+03    6.11127e+02    5.45573e+04
        LJ (SR)  Disper. corr.   Coulomb (SR)   Coul. recip.      Potential
    1.27958e+03   -2.49554e+02   -5.95907e+04    1.73999e+03    1.04698e+04
    Kinetic En.   Total Energy  Conserved En.    Temperature Pres. DC (bar)
    3.47066e+04    4.51764e+04   -6.34782e+03    7.19884e+02   -3.32260e+01
 Pressure (bar)   Constr. rmsd
    9.38677e+02    1.42907e-06


DD  step 5499  vol min/aver 0.728  load imb.: force  6.0%
           Step           Time
           5500        2.75000

   Energies (kJ/mol)
           Bond          Angle    Proper Dih.          LJ-14     Coulomb-14
    4.46839e+03    6.00148e+03    2.07217e+03    6.45068e+02    5.56761e+04
        LJ (SR)  Disper. corr.   Coulomb (SR)   Coul. recip.      Potential
    1.51245e+03   -2.49554e+02   -6.11453e+04    1.72617e+03    1.07070e+04
    Kinetic En.   Total Energy  Conserved En.    Temperature Pres. DC (bar)
    3.58712e+04    4.65781e+04   -6.34342e+03    7.44039e+02   -3.32260e+01
 Pressure (bar)   Constr. rmsd
    6.20363e+02    1.33776e-06


DD  step 5999  vol min/aver 0.739  load imb.: force  6.0%
           Step           Time
           6000        3.00000

   Energies (kJ/mol)
           Bond          Angle    Proper Dih.          LJ-14     Coulomb-14
    4.32972e+03    6.48335e+03    1.91984e+03    5.03866e+02    5.49796e+04
        LJ (SR)  Disper. corr.   Coulomb (SR)   Coul. recip.      Potential
    1.12242e+03   -2.49554e+02   -5.89682e+04    1.75873e+03    1.18797e+04
    Kinetic En.   Total Energy  Conserved En.    Temperature Pres. DC (bar)
    3.65025e+04    4.83822e+04   -6.34798e+03    7.57133e+02   -3.32260e+01
 Pressure (bar)   Constr. rmsd
    7.19779e+02    1.17158e-06


DD  step 6499  vol min/aver 0.699  load imb.: force  6.0%
           Step           Time
           6500        3.25000

   Energies (kJ/mol)
           Bond          Angle    Proper Dih.          LJ-14     Coulomb-14
    4.70129e+03    6.78005e+03    2.04149e+03    5.51116e+02    5.52306e+04
        LJ (SR)  Disper. corr.   Coulomb (SR)   Coul. recip.      Potential
    1.13553e+03   -2.49554e+02   -5.96506e+04    1.89727e+03    1.24372e+04
    Kinetic En.   Total Energy  Conserved En.    Temperature Pres. DC (bar)
    3.76569e+04    5.00941e+04   -6.34782e+03    7.81079e+02   -3.32260e+01
 Pressure (bar)   Constr. rmsd
    3.51403e+02    1.34907e-06


DD  step 6999  vol min/aver 0.711  load imb.: force  6.9%
           Step           Time
           7000        3.50000

   Energies (kJ/mol)
           Bond          Angle    Proper Dih.          LJ-14     Coulomb-14
    4.58766e+03    7.02528e+03    2.08478e+03    6.22625e+02    5.58860e+04
        LJ (SR)  Disper. corr.   Coulomb (SR)   Coul. recip.      Potential
    1.23869e+03   -2.49554e+02   -6.00069e+04    1.88502e+03    1.30736e+04
    Kinetic En.   Total Energy  Conserved En.    Temperature Pres. DC (bar)
    3.69084e+04    4.99820e+04   -6.34730e+03    7.65553e+02   -3.32260e+01
 Pressure (bar)   Constr. rmsd
    1.10939e+03    1.48429e-06


DD  step 7499  vol min/aver 0.713  load imb.: force  4.2%
           Step           Time
           7500        3.75000

   Energies (kJ/mol)
           Bond          Angle    Proper Dih.          LJ-14     Coulomb-14
    4.81905e+03    6.63769e+03    1.98815e+03    6.01758e+02    5.60258e+04
        LJ (SR)  Disper. corr.   Coulomb (SR)   Coul. recip.      Potential
    1.12960e+03   -2.49554e+02   -6.02769e+04    1.89494e+03    1.25705e+04
    Kinetic En.   Total Energy  Conserved En.    Temperature Pres. DC (bar)
    3.74684e+04    5.00389e+04   -6.34354e+03    7.77168e+02   -3.32260e+01
 Pressure (bar)   Constr. rmsd
    8.69034e+02    1.43400e-06


DD  step 7999  vol min/aver 0.688  load imb.: force  7.6%

step 8000 Turning off dynamic load balancing, because it is degrading performance.
Atom distribution over 16 domains: av 312 stddev 49 min 251 max 395
           Step           Time
           8000        4.00000

   Energies (kJ/mol)
           Bond          Angle    Proper Dih.          LJ-14     Coulomb-14
    4.85947e+03    6.91572e+03    2.04326e+03    6.45109e+02    5.61279e+04
        LJ (SR)  Disper. corr.   Coulomb (SR)   Coul. recip.      Potential
    1.11854e+03   -2.49554e+02   -6.00397e+04    1.85379e+03    1.32746e+04
    Kinetic En.   Total Energy  Conserved En.    Temperature Pres. DC (bar)
    3.82666e+04    5.15412e+04   -6.34304e+03    7.93726e+02   -3.32260e+01
 Pressure (bar)   Constr. rmsd
    9.81962e+02    1.41930e-06


DD  step 8499 load imb.: force 22.6%
           Step           Time
           8500        4.25000

   Energies (kJ/mol)
           Bond          Angle    Proper Dih.          LJ-14     Coulomb-14
    4.56330e+03    6.96594e+03    1.98518e+03    6.15680e+02    5.65217e+04
        LJ (SR)  Disper. corr.   Coulomb (SR)   Coul. recip.      Potential
    1.32173e+03   -2.49554e+02   -6.07525e+04    1.92438e+03    1.28959e+04
    Kinetic En.   Total Energy  Conserved En.    Temperature Pres. DC (bar)
    3.86464e+04    5.15423e+04   -6.35173e+03    8.01603e+02   -3.32260e+01
 Pressure (bar)   Constr. rmsd
    1.01471e+03    1.18477e-06

