                  :-) GROMACS - gmx mdrun, 2020-UNCHECKED (-:

                            GROMACS is written by:
     Emile Apol      Rossen Apostolov      Paul Bauer     Herman J.C. Berendsen
    Par Bjelkmar      Christian Blau   Viacheslav Bolnykh     Kevin Boyd    
 Aldert van Buuren   Rudi van Drunen     Anton Feenstra       Alan Gray     
  Gerrit Groenhof     Anca Hamuraru    Vincent Hindriksen  M. Eric Irrgang  
  Aleksei Iupinov   Christoph Junghans     Joe Jordan     Dimitrios Karkoulis
    Peter Kasson        Jiri Kraus      Carsten Kutzner      Per Larsson    
  Justin A. Lemkul    Viveca Lindahl    Magnus Lundborg     Erik Marklund   
    Pascal Merz     Pieter Meulenhoff    Teemu Murtola       Szilard Pall   
    Sander Pronk      Roland Schulz      Michael Shirts    Alexey Shvetsov  
   Alfons Sijbers     Peter Tieleman      Jon Vincent      Teemu Virolainen 
 Christian Wennberg    Maarten Wolf      Artem Zhmurov   
                           and the project leaders:
        Mark Abraham, Berk Hess, Erik Lindahl, and David van der Spoel

Copyright (c) 1991-2000, University of Groningen, The Netherlands.
Copyright (c) 2001-2019, The GROMACS development team at
Uppsala University, Stockholm University and
the Royal Institute of Technology, Sweden.
check out http://www.gromacs.org for more information.

GROMACS is free software; you can redistribute it and/or modify it
under the terms of the GNU Lesser General Public License
as published by the Free Software Foundation; either version 2.1
of the License, or (at your option) any later version.

GROMACS:      gmx mdrun, version 2020-UNCHECKED
Executable:   /nfs/home/5/tiwaris/softwares/gromacs-2020/install/bin/gmx
Data prefix:  /nfs/home/5/tiwaris/softwares/gromacs-2020/install
Working dir:  /.nfs/home/5/tiwaris/final_tutorial_PIM-1-AO-Gromacs/4_create_nmers/run_gmx_short
Process ID:   5398
Command line:
  gmx mdrun -ntmpi 1 -v -deffnm md

GROMACS version:    2020-UNCHECKED
Build source could not be verified, because the checksum could not be computed.
Precision:          single
Memory model:       64 bit
MPI library:        thread_mpi
OpenMP support:     enabled (GMX_OPENMP_MAX_THREADS = 64)
GPU support:        disabled
SIMD instructions:  AVX_512
FFT library:        fftw-3.3.8-sse2-avx-avx2-avx2_128-avx512
RDTSCP usage:       enabled
TNG support:        enabled
Hwloc support:      hwloc-1.11.2
Tracing support:    disabled
C compiler:         /nfs/apps/Compilers/GNU/8.2.0/bin/gcc GNU 8.2.0
C compiler flags:   -mavx512f -mfma -fexcess-precision=fast -funroll-all-loops
C++ compiler:       /nfs/apps/Compilers/Intel/ParallelStudio/2019.1.053/bin/icpc Intel 19.0.0.20181018
C++ compiler flags: -xCORE-AVX512 -qopt-zmm-usage=high -ip -funroll-all-loops -alias-const -ansi-alias -no-prec-div -fimf-domain-exclusion=14 -qoverride-limits -qopenmp


Running on 1 node with total 40 cores, 40 logical cores
Hardware detected:
  CPU info:
    Vendor: Intel
    Brand:  Intel(R) Xeon(R) Gold 6148 CPU @ 2.40GHz
    Family: 6   Model: 85   Stepping: 4
    Features: aes apic avx avx2 avx512f avx512cd avx512bw avx512vl clfsh cmov cx8 cx16 f16c fma hle htt intel lahf mmx msr nonstop_tsc pcid pclmuldq pdcm pdpe1gb popcnt pse rdrnd rdtscp rtm sse2 sse3 sse4.1 sse4.2 ssse3 tdt x2apic
    Number of AVX-512 FMA units: 2
  Hardware topology: Full, with devices
    Sockets, cores, and logical processors:
      Socket  0: [   0] [   1] [   2] [   3] [   4] [   5] [   6] [   7] [   8] [   9] [  10] [  11] [  12] [  13] [  14] [  15] [  16] [  17] [  18] [  19]
      Socket  1: [  20] [  21] [  22] [  23] [  24] [  25] [  26] [  27] [  28] [  29] [  30] [  31] [  32] [  33] [  34] [  35] [  36] [  37] [  38] [  39]
    Numa nodes:
      Node  0 (51199733760 bytes mem):   0   1   2   3   4   5   6   7   8   9  10  11  12  13  14  15  16  17  18  19
      Node  1 (51539603456 bytes mem):  20  21  22  23  24  25  26  27  28  29  30  31  32  33  34  35  36  37  38  39
      Latency:
               0     1
         0  1.00  2.10
         1  2.10  1.00
    Caches:
      L1: 32768 bytes, linesize 64 bytes, assoc. 8, shared 1 ways
      L2: 1048576 bytes, linesize 64 bytes, assoc. 16, shared 1 ways
      L3: 28835840 bytes, linesize 64 bytes, assoc. 11, shared 20 ways
    PCI devices:
      0000:02:00.0  Id: 14e4:1657  Class: 0x0200  Numa: 0
      0000:02:00.1  Id: 14e4:1657  Class: 0x0200  Numa: 0
      0000:02:00.2  Id: 14e4:1657  Class: 0x0200  Numa: 0
      0000:02:00.3  Id: 14e4:1657  Class: 0x0200  Numa: 0
      0000:01:00.1  Id: 102b:0538  Class: 0x0300  Numa: 0
      0000:12:00.0  Id: 10de:1bb1  Class: 0x0300  Numa: 0
      0000:5c:00.0  Id: 9005:028f  Class: 0x0107  Numa: 0
      0000:5d:00.0  Id: 8086:1572  Class: 0x0200  Numa: 0
      0000:5d:00.1  Id: 8086:1572  Class: 0x0200  Numa: 0
      0000:d8:00.0  Id: 8086:24f0  Class: 0x0208  Numa: 1


++++ PLEASE READ AND CITE THE FOLLOWING REFERENCE ++++
M. J. Abraham, T. Murtola, R. Schulz, S. Páll, J. C. Smith, B. Hess, E.
Lindahl
GROMACS: High performance molecular simulations through multi-level
parallelism from laptops to supercomputers
SoftwareX 1 (2015) pp. 19-25
-------- -------- --- Thank You --- -------- --------


++++ PLEASE READ AND CITE THE FOLLOWING REFERENCE ++++
S. Páll, M. J. Abraham, C. Kutzner, B. Hess, E. Lindahl
Tackling Exascale Software Challenges in Molecular Dynamics Simulations with
GROMACS
In S. Markidis & E. Laure (Eds.), Solving Software Challenges for Exascale 8759 (2015) pp. 3-27
-------- -------- --- Thank You --- -------- --------


++++ PLEASE READ AND CITE THE FOLLOWING REFERENCE ++++
S. Pronk, S. Páll, R. Schulz, P. Larsson, P. Bjelkmar, R. Apostolov, M. R.
Shirts, J. C. Smith, P. M. Kasson, D. van der Spoel, B. Hess, and E. Lindahl
GROMACS 4.5: a high-throughput and highly parallel open source molecular
simulation toolkit
Bioinformatics 29 (2013) pp. 845-54
-------- -------- --- Thank You --- -------- --------


++++ PLEASE READ AND CITE THE FOLLOWING REFERENCE ++++
B. Hess and C. Kutzner and D. van der Spoel and E. Lindahl
GROMACS 4: Algorithms for highly efficient, load-balanced, and scalable
molecular simulation
J. Chem. Theory Comput. 4 (2008) pp. 435-447
-------- -------- --- Thank You --- -------- --------


++++ PLEASE READ AND CITE THE FOLLOWING REFERENCE ++++
D. van der Spoel, E. Lindahl, B. Hess, G. Groenhof, A. E. Mark and H. J. C.
Berendsen
GROMACS: Fast, Flexible and Free
J. Comp. Chem. 26 (2005) pp. 1701-1719
-------- -------- --- Thank You --- -------- --------


++++ PLEASE READ AND CITE THE FOLLOWING REFERENCE ++++
E. Lindahl and B. Hess and D. van der Spoel
GROMACS 3.0: A package for molecular simulation and trajectory analysis
J. Mol. Mod. 7 (2001) pp. 306-317
-------- -------- --- Thank You --- -------- --------


++++ PLEASE READ AND CITE THE FOLLOWING REFERENCE ++++
H. J. C. Berendsen, D. van der Spoel and R. van Drunen
GROMACS: A message-passing parallel molecular dynamics implementation
Comp. Phys. Comm. 91 (1995) pp. 43-56
-------- -------- --- Thank You --- -------- --------


++++ PLEASE CITE THE DOI FOR THIS VERSION OF GROMACS ++++
https://doi.org/10.5281/zenodo.3562495
-------- -------- --- Thank You --- -------- --------


The number of OpenMP threads was set by environment variable OMP_NUM_THREADS to 1

Input Parameters:
   integrator                     = md
   tinit                          = 0
   dt                             = 0.001
   nsteps                         = 10000
   init-step                      = 0
   simulation-part                = 1
   comm-mode                      = Linear
   nstcomm                        = 100
   bd-fric                        = 0
   ld-seed                        = 157850108
   emtol                          = 10
   emstep                         = 0.01
   niter                          = 20
   fcstep                         = 0
   nstcgsteep                     = 1000
   nbfgscorr                      = 10
   rtpi                           = 0.05
   nstxout                        = 10
   nstvout                        = 0
   nstfout                        = 0
   nstlog                         = 1000
   nstcalcenergy                  = 100
   nstenergy                      = 1000
   nstxout-compressed             = 0
   compressed-x-precision         = 1000
   cutoff-scheme                  = Verlet
   nstlist                        = 10
   pbc                            = xyz
   periodic-molecules             = false
   verlet-buffer-tolerance        = 0.005
   rlist                          = 1.1
   coulombtype                    = PME
   coulomb-modifier               = Potential-shift
   rcoulomb-switch                = 0
   rcoulomb                       = 1.1
   epsilon-r                      = 1
   epsilon-rf                     = inf
   vdw-type                       = Cut-off
   vdw-modifier                   = Force-switch
   rvdw-switch                    = 0.9
   rvdw                           = 1
   DispCorr                       = EnerPres
   table-extension                = 1
   fourierspacing                 = 0.25
   fourier-nx                     = 40
   fourier-ny                     = 40
   fourier-nz                     = 40
   pme-order                      = 4
   ewald-rtol                     = 1e-05
   ewald-rtol-lj                  = 0.001
   lj-pme-comb-rule               = Geometric
   ewald-geometry                 = 0
   epsilon-surface                = 0
   tcoupl                         = No
   nsttcouple                     = -1
   nh-chain-length                = 0
   print-nose-hoover-chain-variables = false
   pcoupl                         = No
   pcoupltype                     = Isotropic
   nstpcouple                     = -1
   tau-p                          = 1
   compressibility (3x3):
      compressibility[    0]={ 0.00000e+00,  0.00000e+00,  0.00000e+00}
      compressibility[    1]={ 0.00000e+00,  0.00000e+00,  0.00000e+00}
      compressibility[    2]={ 0.00000e+00,  0.00000e+00,  0.00000e+00}
   ref-p (3x3):
      ref-p[    0]={ 0.00000e+00,  0.00000e+00,  0.00000e+00}
      ref-p[    1]={ 0.00000e+00,  0.00000e+00,  0.00000e+00}
      ref-p[    2]={ 0.00000e+00,  0.00000e+00,  0.00000e+00}
   refcoord-scaling               = No
   posres-com (3):
      posres-com[0]= 0.00000e+00
      posres-com[1]= 0.00000e+00
      posres-com[2]= 0.00000e+00
   posres-comB (3):
      posres-comB[0]= 0.00000e+00
      posres-comB[1]= 0.00000e+00
      posres-comB[2]= 0.00000e+00
   QMMM                           = false
   QMconstraints                  = 0
   QMMMscheme                     = 0
   MMChargeScaleFactor            = 1
qm-opts:
   ngQM                           = 0
   constraint-algorithm           = Lincs
   continuation                   = false
   Shake-SOR                      = false
   shake-tol                      = 0.0001
   lincs-order                    = 4
   lincs-iter                     = 2
   lincs-warnangle                = 30
   nwall                          = 0
   wall-type                      = 9-3
   wall-r-linpot                  = -1
   wall-atomtype[0]               = -1
   wall-atomtype[1]               = -1
   wall-density[0]                = 0
   wall-density[1]                = 0
   wall-ewald-zfac                = 3
   pull                           = false
   awh                            = false
   rotation                       = false
   interactiveMD                  = false
   disre                          = No
   disre-weighting                = Conservative
   disre-mixed                    = false
   dr-fc                          = 1000
   dr-tau                         = 0
   nstdisreout                    = 100
   orire-fc                       = 0
   orire-tau                      = 0
   nstorireout                    = 100
   free-energy                    = no
   cos-acceleration               = 0
   deform (3x3):
      deform[    0]={ 0.00000e+00,  0.00000e+00,  0.00000e+00}
      deform[    1]={ 0.00000e+00,  0.00000e+00,  0.00000e+00}
      deform[    2]={ 0.00000e+00,  0.00000e+00,  0.00000e+00}
   simulated-tempering            = false
   swapcoords                     = no
   userint1                       = 0
   userint2                       = 0
   userint3                       = 0
   userint4                       = 0
   userreal1                      = 0
   userreal2                      = 0
   userreal3                      = 0
   userreal4                      = 0
   applied-forces:
     electric-field:
       x:
         E0                       = 0
         omega                    = 0
         t0                       = 0
         sigma                    = 0
       y:
         E0                       = 0
         omega                    = 0
         t0                       = 0
         sigma                    = 0
       z:
         E0                       = 0
         omega                    = 0
         t0                       = 0
         sigma                    = 0
     density-guided-simulation:
       active                     = false
       group                      = protein
       similarity-measure         = inner-product
       atom-spreading-weight      = unity
       force-constant             = 1e+09
       gaussian-transform-spreading-width = 0.2
       gaussian-transform-spreading-range-in-multiples-of-width = 4
       reference-density-filename = reference.mrc
       nst                        = 1
       normalize-densities        = true
       adaptive-force-scaling     = false
       adaptive-force-scaling-time-constant = 4
grpopts:
   nrdf:        5427
   ref-t:           0
   tau-t:           0
annealing:          No
annealing-npoints:           0
   acc:	           0           0           0
   nfreeze:           N           N           N
   energygrp-flags[  0]: 0

Can not increase nstlist because an NVE ensemble is used
Using 1 MPI thread
Using 1 OpenMP thread 


NOTE: Thread affinity was not set.
System total charge: -0.000
Will do PME sum in reciprocal space for electrostatic interactions.

++++ PLEASE READ AND CITE THE FOLLOWING REFERENCE ++++
U. Essmann, L. Perera, M. L. Berkowitz, T. Darden, H. Lee and L. G. Pedersen 
A smooth particle mesh Ewald method
J. Chem. Phys. 103 (1995) pp. 8577-8592
-------- -------- --- Thank You --- -------- --------

Using a Gaussian width (1/beta) of 0.352179 nm for Ewald
Potential shift: LJ r^-12: -1.730e+00 r^-6: -1.335e+00, Ewald -9.091e-06
Initialized non-bonded Coulomb Ewald tables, spacing: 9.79e-04 size: 1126

Generated table with 1050 data points for 1-4 COUL.
Tabscale = 500 points/nm
Generated table with 1050 data points for 1-4 LJ6.
Tabscale = 500 points/nm
Generated table with 1050 data points for 1-4 LJ12.
Tabscale = 500 points/nm

Using SIMD 4x8 nonbonded short-range kernels

Using a 4x8 pair-list setup:
  updated every 10 steps, buffer 0.000 nm, rlist 1.100 nm

Long Range LJ corr.: <C6> 9.4473e-04

Removing pbc first time

Initializing LINear Constraint Solver

++++ PLEASE READ AND CITE THE FOLLOWING REFERENCE ++++
B. Hess and H. Bekker and H. J. C. Berendsen and J. G. E. M. Fraaije
LINCS: A Linear Constraint Solver for molecular simulations
J. Comp. Chem. 18 (1997) pp. 1463-1472
-------- -------- --- Thank You --- -------- --------

The number of constraints is 900
There are: 2110 Atoms

Constraining the starting coordinates (step 0)

Constraining the coordinates at t0-dt (step 0)
Center of mass motion removal mode is Linear
We have the following groups for center of mass motion removal:
  0:  rest
RMS relative constraint deviation after constraining: 1.51e-06
Initial temperature: 301.892 K

Started mdrun on rank 0 Wed May  8 01:49:57 2024

           Step           Time
              0        0.00000

   Energies (kJ/mol)
           Bond          Angle    Proper Dih.  Improper Dih.          LJ-14
    5.23136e+02    2.95024e+03    6.51767e+03    2.63584e+02    2.52395e+03
     Coulomb-14        LJ (SR)  Disper. corr.   Coulomb (SR)   Coul. recip.
   -1.35305e+04   -9.98917e+02   -1.89760e+01   -5.90367e+03    6.66085e+02
      Potential    Kinetic En.   Total Energy    Temperature Pres. DC (bar)
   -7.00742e+03    6.81341e+03   -1.94005e+02    3.01996e+02   -3.37196e-01
 Pressure (bar)   Constr. rmsd
    9.57985e+01    1.58623e-06

           Step           Time
           1000        1.00000

   Energies (kJ/mol)
           Bond          Angle    Proper Dih.  Improper Dih.          LJ-14
    1.46135e+03    4.43159e+03    6.05537e+03    3.22942e+02    2.57339e+03
     Coulomb-14        LJ (SR)  Disper. corr.   Coulomb (SR)   Coul. recip.
   -1.32632e+04   -1.26112e+03   -1.89760e+01   -6.50265e+03    6.07813e+02
      Potential    Kinetic En.   Total Energy    Temperature Pres. DC (bar)
   -5.59345e+03    5.45822e+03   -1.35224e+02    2.41929e+02   -3.37196e-01
 Pressure (bar)   Constr. rmsd
   -4.53775e-01    1.50819e-06

           Step           Time
           2000        2.00000

   Energies (kJ/mol)
           Bond          Angle    Proper Dih.  Improper Dih.          LJ-14
    1.44349e+03    4.25021e+03    6.25156e+03    2.94225e+02    2.65480e+03
     Coulomb-14        LJ (SR)  Disper. corr.   Coulomb (SR)   Coul. recip.
   -1.29566e+04   -1.29296e+03   -1.89760e+01   -6.68285e+03    6.31354e+02
      Potential    Kinetic En.   Total Energy    Temperature Pres. DC (bar)
   -5.42578e+03    5.29011e+03   -1.35662e+02    2.34477e+02   -3.37196e-01
 Pressure (bar)   Constr. rmsd
    8.43150e+00    1.49473e-06

           Step           Time
           3000        3.00000

   Energies (kJ/mol)
           Bond          Angle    Proper Dih.  Improper Dih.          LJ-14
    1.60913e+03    4.44852e+03    6.09039e+03    2.88920e+02    2.59091e+03
     Coulomb-14        LJ (SR)  Disper. corr.   Coulomb (SR)   Coul. recip.
   -1.32098e+04   -1.32549e+03   -1.89760e+01   -6.56133e+03    6.01735e+02
      Potential    Kinetic En.   Total Energy    Temperature Pres. DC (bar)
   -5.48602e+03    5.35105e+03   -1.34967e+02    2.37178e+02   -3.37196e-01
 Pressure (bar)   Constr. rmsd
   -1.55210e+01    1.58353e-06

           Step           Time
           4000        4.00000

   Energies (kJ/mol)
           Bond          Angle    Proper Dih.  Improper Dih.          LJ-14
    1.68527e+03    4.51147e+03    5.90271e+03    3.26502e+02    2.56475e+03
     Coulomb-14        LJ (SR)  Disper. corr.   Coulomb (SR)   Coul. recip.
   -1.32179e+04   -1.35485e+03   -1.89760e+01   -6.70422e+03    5.94192e+02
      Potential    Kinetic En.   Total Energy    Temperature Pres. DC (bar)
   -5.71106e+03    5.57701e+03   -1.34057e+02    2.47194e+02   -3.37196e-01
 Pressure (bar)   Constr. rmsd
   -4.60714e+01    1.52459e-06

           Step           Time
           5000        5.00000

   Energies (kJ/mol)
           Bond          Angle    Proper Dih.  Improper Dih.          LJ-14
    1.56727e+03    4.48493e+03    5.91008e+03    2.91421e+02    2.64852e+03
     Coulomb-14        LJ (SR)  Disper. corr.   Coulomb (SR)   Coul. recip.
   -1.30977e+04   -1.24522e+03   -1.89760e+01   -6.77291e+03    6.04770e+02
      Potential    Kinetic En.   Total Energy    Temperature Pres. DC (bar)
   -5.62781e+03    5.49017e+03   -1.37636e+02    2.43345e+02   -3.37196e-01
 Pressure (bar)   Constr. rmsd
    4.14336e+00    1.60887e-06

           Step           Time
           6000        6.00000

   Energies (kJ/mol)
           Bond          Angle    Proper Dih.  Improper Dih.          LJ-14
    1.58626e+03    4.61559e+03    5.91838e+03    3.28777e+02    2.73989e+03
     Coulomb-14        LJ (SR)  Disper. corr.   Coulomb (SR)   Coul. recip.
   -1.29860e+04   -1.26423e+03   -1.89760e+01   -6.98118e+03    5.82083e+02
      Potential    Kinetic En.   Total Energy    Temperature Pres. DC (bar)
   -5.47938e+03    5.34719e+03   -1.32198e+02    2.37007e+02   -3.37196e-01
 Pressure (bar)   Constr. rmsd
    3.28445e+01    1.57068e-06

           Step           Time
           7000        7.00000

   Energies (kJ/mol)
           Bond          Angle    Proper Dih.  Improper Dih.          LJ-14
    1.54331e+03    4.70611e+03    5.80326e+03    3.07101e+02    2.66367e+03
     Coulomb-14        LJ (SR)  Disper. corr.   Coulomb (SR)   Coul. recip.
   -1.32206e+04   -1.30383e+03   -1.89760e+01   -6.73032e+03    6.14959e+02
      Potential    Kinetic En.   Total Energy    Temperature Pres. DC (bar)
   -5.63530e+03    5.50148e+03   -1.33821e+02    2.43846e+02   -3.37196e-01
 Pressure (bar)   Constr. rmsd
    5.85393e+00    1.55136e-06

           Step           Time
           8000        8.00000

   Energies (kJ/mol)
           Bond          Angle    Proper Dih.  Improper Dih.          LJ-14
    1.72780e+03    4.56934e+03    5.91747e+03    2.74437e+02    2.61214e+03
     Coulomb-14        LJ (SR)  Disper. corr.   Coulomb (SR)   Coul. recip.
   -1.30203e+04   -1.39894e+03   -1.89760e+01   -6.84728e+03    5.82926e+02
      Potential    Kinetic En.   Total Energy    Temperature Pres. DC (bar)
   -5.60140e+03    5.47227e+03   -1.29129e+02    2.42551e+02   -3.37196e-01
 Pressure (bar)   Constr. rmsd
   -3.72118e+01    1.54626e-06

           Step           Time
           9000        9.00000

   Energies (kJ/mol)
           Bond          Angle    Proper Dih.  Improper Dih.          LJ-14
    1.56628e+03    4.70483e+03    5.92264e+03    3.16314e+02    2.71500e+03
     Coulomb-14        LJ (SR)  Disper. corr.   Coulomb (SR)   Coul. recip.
   -1.30554e+04   -1.46028e+03   -1.89760e+01   -7.01342e+03    5.64131e+02
      Potential    Kinetic En.   Total Energy    Temperature Pres. DC (bar)
   -5.75890e+03    5.62543e+03   -1.33473e+02    2.49340e+02   -3.37196e-01
 Pressure (bar)   Constr. rmsd
    5.03661e+01    1.57897e-06

           Step           Time
          10000       10.00000

Writing checkpoint, step 10000 at Wed May  8 01:50:16 2024


   Energies (kJ/mol)
           Bond          Angle    Proper Dih.  Improper Dih.          LJ-14
    1.75095e+03    4.51830e+03    5.94317e+03    3.20271e+02    2.62825e+03
     Coulomb-14        LJ (SR)  Disper. corr.   Coulomb (SR)   Coul. recip.
   -1.30031e+04   -1.33079e+03   -1.89760e+01   -7.05852e+03    5.36390e+02
      Potential    Kinetic En.   Total Energy    Temperature Pres. DC (bar)
   -5.71400e+03    5.57990e+03   -1.34104e+02    2.47322e+02   -3.37196e-01
 Pressure (bar)   Constr. rmsd
   -3.48978e+01    1.54360e-06


	<======  ###############  ==>
	<====  A V E R A G E S  ====>
	<==  ###############  ======>

	Statistics over 10001 steps using 101 frames

   Energies (kJ/mol)
           Bond          Angle    Proper Dih.  Improper Dih.          LJ-14
    1.57007e+03    4.49505e+03    5.93776e+03    2.95534e+02    2.63094e+03
     Coulomb-14        LJ (SR)  Disper. corr.   Coulomb (SR)   Coul. recip.
   -1.31073e+04   -1.29100e+03   -1.89760e+01   -6.72126e+03    5.92294e+02
      Potential    Kinetic En.   Total Energy    Temperature Pres. DC (bar)
   -5.61693e+03    5.48135e+03   -1.35579e+02    2.42954e+02   -3.37196e-01
 Pressure (bar)   Constr. rmsd
    6.13597e-01    0.00000e+00

   Total Virial (kJ/mol)
    1.77912e+03   -6.37171e+01    2.67941e+01
   -6.37168e+01    1.87257e+03    1.99126e+01
    2.67929e+01    1.99115e+01    1.77423e+03

   Pressure (bar)
    1.64927e+00    2.20396e+00   -1.39133e+00
    2.20395e+00   -1.04284e+00   -6.55596e-01
   -1.39129e+00   -6.55559e-01    1.23436e+00


	M E G A - F L O P S   A C C O U N T I N G

 NB=Group-cutoff nonbonded kernels    NxN=N-by-N cluster Verlet kernels
 RF=Reaction-Field  VdW=Van der Waals  QSTab=quadratic-spline table
 W3=SPC/TIP3p  W4=TIP4p (single or pairs)
 V&F=Potential and force  V=Potential only  F=Force only

 Computing:                               M-Number         M-Flops  % Flops
-----------------------------------------------------------------------------
 Pair Search distance check             130.125658        1171.131     0.3
 NxN Ewald Elec. + LJ [F]              2242.736864      174933.475    45.1
 NxN Ewald Elec. + LJ [V&F]              22.905552        2954.816     0.8
 NxN Ewald Elec. [F]                     19.719136        1202.867     0.3
 NxN Ewald Elec. [V&F]                    0.198960          16.713     0.0
 1,4 nonbonded interactions              56.005600        5040.504     1.3
 Calc Weights                            63.306330        2279.028     0.6
 Spread Q Bspline                      1350.535040        2701.070     0.7
 Gather F Bspline                      1350.535040        8103.210     2.1
 3D-FFT                               20438.243620      163505.949    42.2
 Solve PME                               16.001600        1024.102     0.3
 Shift-X                                  2.112110          12.673     0.0
 Bonds                                   14.001400         826.083     0.2
 Angles                                  40.804080        6855.085     1.8
 Propers                                 63.206320       14474.247     3.7
 Impropers                                6.600660        1372.937     0.4
 Virial                                   0.217655           3.918     0.0
 Stop-CM                                  0.215220           2.152     0.0
 Calc-Ekin                                4.224220         114.054     0.0
 Lincs                                    9.002700         540.162     0.1
 Lincs-Mat                               72.021600         288.086     0.1
 Constraint-V                            18.003600         144.029     0.0
 Constraint-Vir                           0.090900           2.182     0.0
-----------------------------------------------------------------------------
 Total                                                  387568.474   100.0
-----------------------------------------------------------------------------


     R E A L   C Y C L E   A N D   T I M E   A C C O U N T I N G

On 1 MPI rank

 Computing:          Num   Num      Call    Wall time         Giga-Cycles
                     Ranks Threads  Count      (s)         total sum    %
-----------------------------------------------------------------------------
 Neighbor search        1    1       1001       0.841          2.014   4.5
 Force                  1    1      10001       6.864         16.434  36.4
 PME mesh               1    1      10001       8.405         20.124  44.5
 NB X/F buffer ops.     1    1      19001       0.079          0.188   0.4
 Write traj.            1    1       1001       0.391          0.935   2.1
 Update                 1    1      10001       0.064          0.153   0.3
 Constraints            1    1      10003       2.186          5.235  11.6
 Rest                                           0.050          0.120   0.3
-----------------------------------------------------------------------------
 Total                                         18.879         45.204 100.0
-----------------------------------------------------------------------------
 Breakdown of PME mesh computation
-----------------------------------------------------------------------------
 PME spread             1    1      10001       1.219          2.919   6.5
 PME gather             1    1      10001       1.599          3.829   8.5
 PME 3D-FFT             1    1      20002       5.108         12.231  27.1
 PME solve Elec         1    1      10001       0.470          1.125   2.5
-----------------------------------------------------------------------------

               Core t (s)   Wall t (s)        (%)
       Time:       18.879       18.879      100.0
                 (ns/day)    (hour/ns)
Performance:       45.769        0.524
Finished mdrun on rank 0 Wed May  8 01:50:16 2024

